(lp1
ccopy_reg
_reconstructor
p2
(csklearn.svm.classes
SVC
p3
c__builtin__
object
p4
NtRp5
(dp6
S'_impl'
p7
S'c_svc'
p8
sS'kernel'
p9
S'rbf'
p10
sS'verbose'
p11
I00
sS'probability'
p12
I01
sS'_label'
p13
cnumpy.core.multiarray
_reconstruct
p14
(cnumpy
ndarray
p15
(I0
tS'b'
tRp16
(I1
(I6
tcnumpy
dtype
p17
(S'i4'
I0
I1
tRp18
(I3
S'<'
NNNI-1
I-1
I0
tbI00
S'\x00\x00\x00\x00\x01\x00\x00\x00\x02\x00\x00\x00\x03\x00\x00\x00\x04\x00\x00\x00\x05\x00\x00\x00'
tbsS'classes_'
p19
g14
(g15
(I0
tS'b'
tRp20
(I1
(I6
tg18
I00
S'\x01\x00\x00\x00\x02\x00\x00\x00\x03\x00\x00\x00\x04\x00\x00\x00\x05\x00\x00\x00\x06\x00\x00\x00'
tbsS'support_'
p21
g14
(g15
(I0
tS'b'
tRp22
(I1
(I164
tg18
I00
S'\x04\x00\x00\x00\n\x00\x00\x00\x12\x00\x00\x00D\x00\x00\x00H\x00\x00\x00I\x00\x00\x00O\x00\x00\x00W\x00\x00\x00_\x00\x00\x00a\x00\x00\x00\x83\x00\x00\x00\x85\x00\x00\x00\x8c\x00\x00\x00\xc3\x00\x00\x00\xdf\x00\x00\x00\xfc\x00\x00\x00\x06\x01\x00\x00\t\x01\x00\x00\r\x01\x00\x00\x0e\x01\x00\x00\x1c\x01\x00\x00%\x01\x00\x00J\x01\x00\x00V\x01\x00\x00W\x01\x00\x00Z\x01\x00\x00`\x01\x00\x00b\x01\x00\x00c\x01\x00\x00i\x01\x00\x00 \x00\x00\x007\x00\x00\x00>\x00\x00\x00\x91\x00\x00\x00\x97\x00\x00\x00\xa3\x00\x00\x00\xb6\x00\x00\x00\xe4\x00\x00\x00\xe8\x00\x00\x00\xf6\x00\x00\x00\x0b\x01\x00\x00&\x01\x00\x009\x01\x00\x00S\x01\x00\x00X\x01\x00\x00[\x01\x00\x00}\x01\x00\x00\x0f\x00\x00\x00\x10\x00\x00\x00\x1e\x00\x00\x00"\x00\x00\x00\\\x00\x00\x00k\x00\x00\x00t\x00\x00\x00\xa0\x00\x00\x00\xb2\x00\x00\x00\xcc\x00\x00\x00\xce\x00\x00\x00\xd3\x00\x00\x00\xd5\x00\x00\x00\xde\x00\x00\x00\xe3\x00\x00\x00\xe5\x00\x00\x00\xfb\x00\x00\x00\xfe\x00\x00\x00\x00\x01\x00\x00\x10\x01\x00\x00\x19\x01\x00\x002\x01\x00\x00K\x01\x00\x00R\x01\x00\x00U\x01\x00\x00\\\x01\x00\x00_\x01\x00\x00\x18\x00\x00\x00\x1a\x00\x00\x00\x1c\x00\x00\x00?\x00\x00\x00F\x00\x00\x00S\x00\x00\x00V\x00\x00\x00]\x00\x00\x00f\x00\x00\x00l\x00\x00\x00m\x00\x00\x00\x98\x00\x00\x00\xa9\x00\x00\x00\xb0\x00\x00\x00\xba\x00\x00\x00\xbc\x00\x00\x00\xbf\x00\x00\x00\xca\x00\x00\x00\xe0\x00\x00\x00\xea\x00\x00\x00\xf4\x00\x00\x00\x1e\x01\x00\x00.\x01\x00\x005\x01\x00\x00^\x01\x00\x00e\x01\x00\x00j\x01\x00\x00\x00\x00\x00\x00\x0b\x00\x00\x00\x0e\x00\x00\x00*\x00\x00\x00+\x00\x00\x003\x00\x00\x005\x00\x00\x00=\x00\x00\x00d\x00\x00\x00e\x00\x00\x00o\x00\x00\x00p\x00\x00\x00q\x00\x00\x00u\x00\x00\x00w\x00\x00\x00z\x00\x00\x00|\x00\x00\x00\x7f\x00\x00\x00\x95\x00\x00\x00\x96\x00\x00\x00\xa5\x00\x00\x00\xb4\x00\x00\x00\xc8\x00\x00\x00\xe6\x00\x00\x00\xf0\x00\x00\x00\xf3\x00\x00\x00\n\x01\x00\x00\x14\x01\x00\x00\x16\x01\x00\x00\x17\x01\x00\x00#\x01\x00\x00:\x01\x00\x00;\x01\x00\x00B\x01\x00\x00C\x01\x00\x00O\x01\x00\x00h\x01\x00\x00s\x01\x00\x00w\x01\x00\x00x\x01\x00\x00\x86\x01\x00\x00$\x00\x00\x00/\x00\x00\x008\x00\x00\x009\x00\x00\x00R\x00\x00\x00Y\x00\x00\x00y\x00\x00\x00\xb1\x00\x00\x00\xd4\x00\x00\x00\xdb\x00\x00\x00\xdc\x00\x00\x00\xff\x00\x00\x00\x03\x01\x00\x00\x1a\x01\x00\x00$\x01\x00\x00\'\x01\x00\x004\x01\x00\x00D\x01\x00\x00G\x01\x00\x00P\x01\x00\x00Y\x01\x00\x00p\x01\x00\x00'
tbsS'dual_coef_'
p23
g14
(g15
(I0
tS'b'
tRp24
(I1
(I5
I164
tg17
(S'f8'
I0
I1
tRp25
(I3
S'<'
NNNI-1
I-1
I0
tbI00
S'\xa9\xe0$\x10\xcc\xe4\xc7?\x00\x00\x00\x00\x00\x00\xf0?\x19EK\x06\x94\xe1\xae?\x8a5\x847\xa1\x8b\x85?\x00\x00\x00\x00\x00\x00\x00\x00\x00\x00\x00\x00\x00\x00\x00\x00\x00\x00\x00\x00\x00\x00\x00\x00\x96kP\x8115u?\x00\x00\x00\x00\x00\x00\x00\x00\x86\xf5x&\x14\x8b\xe0?\\\x84\xdbf\xd0\xe8\xce?E\xa7\x9f\xa2B\x9a\xd2?\x11\x87,\xc5\x93\xdc\xa8?q\xbb,~n\xfa\xa8?\xa1\x9b=\x08L\xc0\xda?\x92PU_RQ\xb3?\xec\xdd\xf6\x12\x99\xee\xe0?\x00\x00\x00\x00\x00\x00\x00\x00\x00\x00\x00\x00\x00\x00\x00\x00w\xde\xb5$\xa9Y\xe0?\x82|\x8c\xeexF\xa7?\xf4"\xa7\x85\xcb\xb5\xb7?\xa9\xc8R7\x01\x8d\xd8?\xa0\xdeF\xfe$\x9d\xc0?j\xe7u\xadL\xb8\xb3?\x00\x00\x00\x00\x00\x00\x00\x00\xae0\x0f\xcd\xbc\x91\xd1?\xd3\xcb\x00\xbd\'\xb3\xd1?\x00\x00\x00\x00\x00\x00\x00\x00\x00\x00\x00\x00\x00\x00\x00\x00\xfc`\x97[\xe0-\xb3\xbf0*\xfe4L\xea\xd0\xbfWK\x84IvJ\xe0\xbf\xc4q\x9891\xa8\xd7\xbf\x00\x00\x00\x00\x00\x00\x00\x80\xed_%\t\xbaE\xbd\xbf\x00\x00\x00\x00\x00\x00\xf0\xbf\x96\xb6B\xe8A\xe1\xdb\xbfC\x9b*\x91]\x98\xb1\xbf\xfc\xa6\xfd\x80V*\xdb\xbfr"\xc6\xf8\xed(\xc3\xbfG&\x81\xc4"\xe1\xec\xbf\xf8\rIt\x9d\xea\x99\xbf\x00\x00\x00\x00\x00\x00\x00\x80L\xe6\xf0Yo\x92u\xbf_=\xeb\xe0\xb9\xdf\xe3\xbf\x16\x94Q\xfaKx\xd0\xbf\xee9A\xa2^\xaf\xb7\xbf\x0b\x88!\xd3\xca\x96\xdd\xbf\xcf:wS\\\xb4\xdd\xbf\x0f\xfd4\xdb<\xe4\x9e\xbf\xfd\xde3_N%\xc3\xbf\x19h\xf4\xd9P\x9a\xa0\xbfAZb\'\xe7\x8b\xe1\xbf\x1d\xfe`gT}\xe4\xbf\x18v\xfa\'\xd9\x0f\xdb\xbf*<\x9c%\xe6\xb4\xa8\xbf\x0b<\xd3M\x08"\xe2\xbf\x96L\x04\\\xd3\xdd\xa6\xbf\x1e\x0ez\x15l\xb7\xd7\xbf\xed-\xb1I\x95H\xe3\xbf\xbf\x01\xe5\xf3<\x19\x9c\xbf\x1eUg\xa5\x928\xc0\xbf\xfd\xa1\xd5\xa6\xe1\xee\xe1\xbf(\x12\xb4t\x90\x8e\xc7\xbfkk\x08m\x14X\xde\xbf\xf8\x1c\xecL\x8f\xba\xe3\xbf\xe9\xd6h\xadI9\xc6\xbf\xa8{W\xd2\xa2\x90\xa0\xbf\x1d\xd5\x95i\xc0\xb8\xc7\xbf\x02\xb2\xa7NNG\xd0\xbf&_f\x96\xf7\x19\xc6\xbfQs\x7f\r\xed\xfd\xa3\xbfn\xf6\xdf%Zw\xbc\xbf\x05\xa04\x10\xac\x8e\xd0\xbf\x00\x00\x00\x00\x00\x00\xf0\xbf\xb3l\x85\x8bkr\xbb\xbf\x00\x00\x00\x00\x00\x00\x00\x80wo"b\x90*\xde\xbf\x10X\x19\xa0K<\xcf\xbf\xaa\xad\x01\x12s\x03\xe0\xbf\xd99R\xf2\x1bA\xc3\xbf\xea|\x9d&\xfd&\xe3\xbf\x00\x00\x00\x00\x00\x00\x00\x80\xcc\xe9\xb1\x0e\x94v\x93\xbf\xb4S\x80{\xb4\xe7\xd3\xbf\x00\x00\x00\x00\x00\x00\xf0\xbf\rUWp\xfdc\xbf\xbf-"x\x18\xc7\n\xc5\xbf\x07@\xfe\xcc\xb9\x1a\xe3\xbfsl^\x96\xa4x\xe1\xbf\x96\xafb\xaa{\xef\xe0\xbf\x99\xfd[\xd5\x08\xda\xb6\xbf\x00\x00\x00\x00\x00\x00\x00\x80\xd4\xb9\x7f\xf3\xedC\xc8\xbf\x0f\x7f\xafY\xae\xb7\xe9\xbf\xa1\x88\xe3,\r\xbe~\xbf\x8f5\xd6\x16\xa4\xe9\xd7\xbf,\xff$\xe2\x107\xa3\xbfq\xadf\x1f\xcfZ\xd3\xbf\x82\xa4\xb3X B\xb4\xbf\x9b\xb5=-7\xf2\xc4\xbf\x00\x00\x00\x00\x00\x00\x00\x80?\xc4\x1e\x04\xc9\xfc\xc4\xbf$\xa0\x14,\x9c\xa8\xba\xbf\xd1P6\xcf\x1f\xa6\xe0\xbf>g\xee\x7f>W\xd9\xbf\x00\x00\x00\x00\x00\x00\xf0\xbf\xb7@\x14\x19#D\xd2\xbf\xb0\xd4\xfe\xc6J4\xda\xbf\x00\x00\x00\x00\x00\x00\x00\x80\x00\x00\x00\x00\x00\x00\xf0\xbfJ\xf3\x0f\xc3\xc2:\xdb\xbf\x0cv\xd2.\xea}\xec\xbfZ\xfa[\x0e,o\xe0\xbf\x00\x00\x00\x00\x00\x00\xf0\xbf\xdck\xf9D\x9e\xa7\xb1\xbf%\xb8\xb0\x8f\x7f\xec\xd3\xbfmcQ\xc7\xcb\xf5\xb2\xbf\x17\xf13\x1a)\xfd\xc2\xbf\x00\x00\x00\x00\x00\x00\xf0\xbf\x00\x00\x00\x00\x00\x00\x00\x80\x00\x00\x00\x00\x00\x00\xf0\xbf\x00\x00\x00\x00\x00\x00\x00\x80\x00\x00\x00\x00\x00\x00\xf0\xbf\x00\x00\x00\x00\x00\x00\x00\x80.\xd0+\xee\x8f\xee\xb5\xbf!1u\xdbJ?\xef\xbf}\xca\xb1}\xc1\xb0\xea\xbf\x00\x00\x00\x00\x00\x00\x00\x80f&\x13\x9b\xfbA\xd6\xbf\x99!\x14\x00\xbe\xd7\xd4\xbf\x00\x00\x00\x00\x00\x00\xf0\xbf\xef\xd3\x8fHa\xb7\xd8\xbf\x00\x00\x00\x00\x00\x00\x00\x80\xd1\x14\xc98\'V\xcc\xbf\xedE\x96\xa9B\x9d\x83\xbf\xdd\x96r\xd0\'x\xdb\xbf\x00\x00\x00\x00\x00\x00\x00\x80\x00\x00\x00\x00\x00\x00\x00\x80\x00\x00\x00\x00\x00\x00\xf0\xbf\xf8i9\xf0"\x02\xa3\xbf\x8d\xa1"\xd8\x07^\xe8\xbfQRm(\xc5\xe0\xec\xbfs\x83\x8f\xb1\x81\xe3\xbe\xbf\x0b\x14\x068O\xca\xe6\xbf\x00\x00\x00\x00\x00\x00\xf0\xbf~\xcc\xf4\x0c\x9f;\xd6\xbf\\\xff\x8bIqy\xe1\xbf\xb3\xde\xf3U\x9a\xe0\xd2\xbf\xb3%a\xf24\xed\xde\xbf\xe1\x00,v\x8c>]\xbf\xa4\xe8]\xee\xd6\x84\xb6\xbf\x00\x00\x00\x00\x00\x00\x00\x80Z\x0b\xe9\x9d\xc3\x03\xe0\xbf\xa3`+\xa9\xd5\x81\xdf\xbf\x00\x00\x00\x00\x00\x00\xf0\xbf\xb3\xe5AQ\x9f-\xa0\xbf\x9f\xd4\xd4%\xac\x82\xe2\xbf\x01\xa6\x10K\xe5\x8c\xdf\xbfRq`\xb6\xd8)\xc0\xbf:~P\x9eHJ\xc2\xbf\x98M\xb3\xfb\x95`\xc8\xbf\x00\x00\x00\x00\x00\x00\x00\x80r\xf3\xce\xe8hX\xd5?\xed\xcec\xfcP\x8d\xd7?+\x1f>>,,\xb8?\x00\x00\x00\x00\x00\x00\x00\x00\x00\x00\x00\x00\x00\x00\x00\x00\x00\x00\x00\x00\x00\x00\x00\x00\x00\x00\x00\x00\x00\x00\x00\x00\xbaT:\x90\x02\xd7\xb0?\x00\x00\x00\x00\x00\x00\x00\x009\x88\xa4\xc1\xbb\x18\xe8?\xabHu\x06S|\xd7?\xaf\xe1X\x8c\x8a\x0f\xdc?r#.\x90E\xb3\xb5?\x82D\xfc\x921%\xb4?Nq\xeaJ7\x8f\xe5?PLH\xa6(\xe6\x9b?t0\xb4\xc0\xf1\xaf\xe9?\x03D)\xfb\xe4\xe0\xd9?\x00\x00\x00\x00\x00\x00\x00\x00D\x15\xe0\x8c\xde\x05\xe9?P,"N\xa1E\xb0?\x00\x00\x00\x00\x00\x00\x00\x00\xf6\xe6n\x1d\xa7\xde\xe2?\xd2?\xfe\xeem7\xdb?.\xad\x01\xa6%\x18\xcf?\x00\x00\x00\x00\x00\x00\x00\x00%\xe3\xff\xc8\xbcR\xda?I\xba\xee\xb5RQ\xdb?\x00\x00\x00\x00\x00\x00\x00\x00\x00\x00\x00\x00\x00\x00\x00\x00\x00\x00\x00\x00\x00\x00\x00\x00\xf2\xfd\xdd\xb8}\xa7\xcf?}\xa9`\xd5\xb6 \xe1?\xef\xdbB\xc6\xbb\xc0\xdd?\x00\x00\x00\x00\x00\x00\x00\x00\xb0\xc0_s|\x9a\xc8?\x00\x00\x00\x00\x00\x00\xf0?\x98\xa7#\x80\xebw\xd8?\xba\x18~\xeb\xeb?\xc6?\x88\x00\xe1%\xcc{\xd7?\xeaag\xc22\xcd\xc3?\x00\x00\x00\x00\x00\x00\xf0?\xb2\x01iF\x8d\xff\xd0?\x00\x00\x00\x00\x00\x00\x00\x00\x1f\x8eY\xc0\x16\xfa\xaf?P\xd4|I\x8d \xe0?\x00\x00\x00\x00\x00\x00\x00\x00\xd6\xac\xff\xaaU\x0e\xb1\xbf\xfa:i\xd1\xe1J\xd5\xbf\x1a@K@^a\xd5\xbf_]B\x0e\xba?\x96\xbf\x97n\xa6\xeb\x06\xa0\xbb\xbf\xabw\xfd&,\xdc\x97\xbf$\'nO\xcaA\xd9\xbf\xddK\x8dA\xb4\x7f\xdd\xbfq\x1c\x1eS\xa9x\xd3\xbf\x93_j\xbdyq\xa2\xbf\td\x85\xecP\x1a\xda\xbf$4Y\xe03f\xa0\xbf\xca\xb2\xf0X\x82\xff\xd0\xbf_\xe3\xa4\xd0B\xc2\xdb\xbf\xc7\xbc\xeb\xc3\x88d\x94\xbf\xdd>\x08\xfe\xf3`\xb7\xbf\xb1\xa2\xcc\x80t\xd0\xd9\xbfv\xa77\xc0R\xf6\xc0\xbf)%5\x0f\xfd\xd5\xd5\xbf\xd9\x1a\x97\x97Tf\xdc\xbf$[r\xd4\x95\xff\xbf\xbf\x84\xc3\xc5\x00\x94N\x98\xbf\xed3nyB.\xc1\xbf<|4\xac\xb2n\xc7\xbf\xcf\x1dV\xb1\xd3\xce\xbf\xbf\xe9\r\xd0(\xe6\x9a\x9d\xbf@\xfc[\n\xb5\xad\xb3\xbf\x8b-\xb7\x7f\xd0j\xd0\xbfq\x842PS\xfb\xda\xbf,;L\xa2\xfd\x81\x80\xbf\x00\x00\x00\x00\x00\x00\x00\x80\x13\xdf=\x8e\x87\x8e\xd6\xbf\x0f\x81yN\xfc`\xd0\xbftY\xdbrE\x11\xd6\xbf\xd9\xfe2H\x94\x97\xb0\xbf\x8a&?\xc2xm\xa4\xbf\xc9|\xf1P+\xae\x93\xbf\xa7\xbb5#\xdf\xc4\xac\xbf@\xfd\xb4\xc3\xce\x89\xd5\xbf\x10r\xf4\xb6\x07#\xe0\xbf)\x9c\xc2 \xed\xe9\xc7\xbf56\x9b(\xe3 \xc0\xbfy\xbd=\x12tA\xdc\xbf\x10\x12\xcb\xbaQD\xd9\xbfl\x814\x13\xdf\x93\xd7\xbf\xf2\xb9\xe1S*\xf5\xca\xbf\x00\x00\x00\x00\x00\x00\x00\x80\xa3\x1db\xfd\xccP\xd2\xbf\xec\x91j\xc9\x9a\x98\xe0\xbf\x00\x00\x00\x00\x00\x00\x00\x80\xe5\xfa\x83b\xe4\xcb\xbd\xbf\xbd}\x80\x90\x8b\xa6\x81\xbf\xa7\xf9\xb9^j\xc1\xcc\xbfV\x900u\x1e\xfc\x98\xbfU7-C*\xd2\xbe\xbfG\x1b\xc0\xef,\xf7\xb4\xbf\xc0\xccQ\xe9\x1eF\xbc\xbf\x8eS\xa8\xebp\xb2\xcb\xbf0.\xb5\x83\\\xae\xd7\xbfv\xc3g\x12\xd9#\xd3\xbf\x08A\xbf\x10\xc6:\xc3\xbf\xfb\xe63\xfd7O\xc9\xbf\t\xe0\x86\xdb\x05W\xd3\xbfu*b\x1f\xa4\rH\xbfS\x1bo\x0fGp\xca\xbf\x10 \xc1\xc5\x8f\x15\xcd\xbffg\x94\x9dh\x13\xd7\xbf\xa2"<\xb8\x06M\xd2\xbf\xd8\xa5\xf5sP7\xc7\xbf\x10g\x00\x01T2\xaf\xbf[\xaf\xb0\x04\x90\xd4\xcf\xbf\x08l\xa4\x7f\x9ep\xc3\xbf\xb9\x8c\\\xbdg\xec\xc1\xbf\xb9\xe9\xf5K3\xde\xbc\xbf\xd1CV\x1d"\xb8\xc3\xbf\xdb\x9d\xbb\xd9\xeb9\xa6\xbf-\xc6\x11:\xf5\x82\xa2\xbf\x87J\x95\x97a\xd6\xc9\xbf\x9e\xf0O\xe2\xe9y\x91\xbf\x16s\xe4\xdcN\x89\xb1\xbf\x00\x00\x00\x00\x00\x00\x00\x80\x00\x00\x00\x00\x00\x00\x00\x80\r\xd8\x9a\xe6\x1c\xfa\xa3\xbf\xf9\xde\x8cp\x18\xde\xd0\xbf\xcc\x18\xe9\xd4\xdd`\xc7\xbf\xf8\xfd\xc8`C\x16\xd0\xbfs\x04\xa8#\xf0\xb8\xcf\xbf\xd13P\x13\x84K\xa7\xbf\x00\x00\x00\x00\x00\x00\x00\x80|\xd6\xc1\x1d\xc2\xab\xc0\xbf\xf3\xddh\xf3\x02F\xd4\xbf}\x13V\xdb\xb1\x87\xc9\xbf\x00\x00\x00\x00\x00\x00\x00\x80\x00\x00\x00\x00\x00\x00\x00\x80\x0c\xbcud\x89\xbf\xb4\xbf&\x9c\xa6*>F\xe0\xbf\xefM\xfe\xc6\xe5\x0e\xb2\xbf\x00\x00\x00\x00\x00\x00\xf0\xbf\x00\x00\x00\x00\x00\x00\xf0\xbf\x00\x00\x00\x00\x00\x00\xf0\xbf\x94(\xa5\x04\xa3\xb8\xc9\xbf\x16\x82\xa4\xd3(\x1d\xd6\xbf\xea?\xcf\xce\nC\xd7\xbfE\xa7\xc5\x18\xed2\xda\xbf\x00\x00\x00\x00\x00\x00\x00\x80\x00\x00\x00\x00\x00\x00\x00\x80\x04\xc7P>\x9a\xae\xc1\xbf\x03\xee\x87\x9e\xd8\xb2\xc1\xbf6\x02\x94\xbaR\xd5\xd5\xbf\x95l\xd0\x82x\xe3\xd0\xbf\x00\x00\x00\x00\x00\x00\x00\x80bAa?\xdd\xf6\xdb\xbf\x0e\xae\x9fk\xc3D\xd6\xbfy\xe0`\x06\x1f;\xc2\xbff\xacx\xf2\x94\xad\xb9\xbfg\xab\x84E*\x13\xd1\xbf\x10\xb3\x97\x8f\xd9\xa6\xc6\xbf\xcb\x1d\xcd].N\xd7?\x0c\x19v%|\xe9\xdc?\x93\x03\xe39\xff#\xb6?\x00\x00\x00\x00\x00\x00\x00\x00\x00\x00\x00\x00\x00\x00\x00\x00\x00\x00\x00\x00\x00\x00\x00\x00\x1d\xc5\xde\x8b&7a?\xb0\x82-\xf0x\xbe\x98?\xe8\xefR\xbb]\x0e\xbe?\x1b\xa5\x0bJ\x8e\xf3\xe7?\xe3\x0c4\xf5@\xe0\xdc?\x8a-9\xeb\xd7=\xe5?\xe3\x8d\xa2\\\n9\xb8?m\xad#\x8a\xadx\xa0?*\x8b\x87m\x03\xc2\xe5?"L\xbbo\x92\x9e\x9b?\xe3\xb0\xc7h\x91\xd8\xe8?\xaa\xb9\x81\xa9\xfa\x1f\xcd?\x00\x00\x00\x00\x00\x00\x00\x00\xed\xb0\xc0\xca\x8a^\xe9?\xc9\n\xd7\xa96;\xa0?\x00\x00\x00\x00\x00\x00\x00\x00\xe2\x81HU\xb6\xfa\xe5?\xa4\xdc[\x0c\xf2q\xd7?\x00\x00\x00\x00\x00\x00\xf0?\x00\x00\x00\x00\x00\x00\x00\x00\xeaW7A\xf2R\xe2?I|w\xbe~\x87\xd3?\x00\x00\x00\x00\x00\x00\x00\x00\x00\x00\x00\x00\x00\x00\x00\x00\x00\x00\x00\x00\x00\x00\x00\x00\xf9\xed\xae\x84\xe5S\xcc?\xfb\x94\'\xce\x0c\xd3\xe2?)#\xa306\xa1\xe2?\x00\x00\x00\x00\x00\x00\x00\x00\xb0y\x93\xd4C,\xc4?\x00\x00\x00\x00\x00\x00\xf0?@\x91XN(>\xe1?\xb8\xa8\xed\xd8\xaf\x1b\xc8?o\xe0\xbe\xab\x12\xa8\xd6?\n\xe1\xaf\xc4dM\xc7?\x00\x00\x00\x00\x00\x00\xf0?\x8d\xa31g\x03E\xc0?\x00\x00\x00\x00\x00\x00\x00\x00\x84Q\xc4\xab\xb4\xa8\xb6?\xcc\x98p\x16\x00@\xe1?\x00\x00\x00\x00\x00\x00\x00\x00\'\xbf\x1f{E=\xbb?\x06\x872\xdaj\x13\xe1?\xaeG\x97X\xe8-\xe1?RI\x8a\x1cj\xd0\xa1?\xcc%\x9b:\xfe\xdf\xc5?\x83\xdd\x1e\xe6\xb2y\xa2?;\x84!\x01\xb5C\xe4?\xff\xfa\xbd\x98\xe1\xa7\xe7?(f\x8d1\xd1F\xdf?\xa1f\xddH]\x81\xa1?\x9c\xa2"\x08w\xf0\xe4?\n.\x0f\x8a\x8f\xe0\xaa?\xdb\xd2\x1a\xd5I\x8d\xdb?h\xaa\x00l\xeaE\xe6?\xd4\xe5\x1f\xbd\xf7\xe4\x9f?,\xd3\xc3s\xa4\xa6\xc2?\xd0.\xf6`\x00\xb7\xe4?\x8a\xe4\xceW\xfe\x15\xcb?N\xe9\x7f\x1e\x1a\x8c\xe1?\xd4"\xdbK\xd5\xc9\xe6?vy\xbe\'i\xa6\xc9?\xe3\xc8\xf2\xa17\x15\xa7?V\xd6.\xba\xb9I\xcb?\x95\x06\x07\x16\xa1\xff\xd2?d|-*\xa0\x84\xc9?\x0f\x8cS\xcb?\xc7\xa6?.\xff\xe3v\xf7l\xc2?8}v\x18\x1dd\xdc\xbf\xa3I\xf7\\\x97\xe2\xe4\xbf\x17\x8b\xbdi\x9a\xd7\xc3\xbf\x00\x00\x00\x00\x00\x00\x00\x80\x82{X\xf7\xc7b\xe2\xbf\xde\x15\xda\xce\x7f\xe2\xd3\xbfO\xde\xe5\xc5\xdc\xe8\xe2\xbf\xd6lx/\xb9\xe1\xc0\xbfE\x83BCMm\xc1\xbf\xf0>\xba[c\xda\xa3\xbfXs\x99<\xd8\xc2\x92\xbf\xf6\xa8K\xdd\xfc\xaa\xe1\xbf\xa9C\xeb\x82\xc6\xb6\xd6\xbf)\xef\xfbJ\xcab\xca\xbf\x06\xca\xca7Xp\xc9\xbf\x8f\x83-\x86e\x9a\xe6\xbf)\xb9e\xb1\x87`\xe4\xbfX\xcf\x84\xa2\xac\x86\xe3\xbf\x03.\x12\x87\xa3\xd3\xd9\xbf\x00\x00\x00\x00\x00\x00\x00\x80\x93|e\xc5\xf5H\xd2\xbf\x18\xe4E\xafX\x1f\xeb\xbf\x00\x00\x00\x00\x00\x00\x00\x80\xaf\x17\xa4*\xe5m\xd0\xbf\x17\x16>&#\xad\x9d\xbf\xda\xfbQ\xef\xea\x02\xd7\xbfI\x1d)c\xfdN\xb6\xbf\x17\x81)]\x93\x86\xcb\xbf~\x1e\xbf\xdbV\xb9\xc3\xbf\'\\\x8cn\x9b\xcc\xc9\xbf\x92M\xef)\xa8\x92\xce\xbf35\x0e\x10\xf0\xd7\xe5\xbf\xc7c?zD\x92\xe1\xbf\xaa=\x1d\xe3e\xdc\xd1\xbfkP\x1dXc?\xd7\xbf._(\x8f\n\xc2\xe1\xbf\x00\x00\x00\x00\x00\x00\x00\x80\xe1p\xaf\xd7\xa2\x8a\xd8\xbf\xfef&*\xe9\xa5\xd4\xbf\x7f!uM\x895\xe5\xbf\xf5}\x1a\x93\x84\xcb\xe0\xbf\xb5\xec\x00\xbc\x90(\xd4\xbf\xf8\xff\xef\xdc\xdb\x80\xbc\xbf\xbb\xb4\x1a\xcesH\xdd\xbf`\xbc\xa7@\x8a!\xd2\xbf\x86+\xb2\x01H\x9e\xd0\xbf\xcf\x14\xff\xe5Z\xf0\xcb\xbf1\x02\x13A\xd4\xa0\xd2\xbf\x05>6A\x08\xa1\xb4\xbf\x9bG3\x04C\x11\x8c\xbf\xa5\xb7^\xe4A\xd0\xd6\xbf\xf3\x80\xf8\xf9v!\xab\xbf@\x0bVm\xe0.\xc0\xbf\x00\x00\x00\x00\x00\x00\x00\x80\x00\x00\x00\x00\x00\x00\x00\x80\x00\xc1\xca\xf1\x9b\xd7\xb2\xbf\x92%I--\xd5\xde\xbf\x8c\x1e}\x02O\x84\xd5\xbfw\x93\xac\xd6\x0b*\xe0\xbf!G7\\\x81\\\xdd\xbf\x11Z\xb8\xba\xc3\xa6\xb3\xbf\x00\x00\x00\x00\x00\x00\x00\x80\x81\xfcci\x9a\xf7\xcf\xbfU\xe4o\x97_\xaf\xe2\xbfXZX2U(\xd6\xbf\xcd\x16Fa\xaa%\xa4\xbf\x00\x00\x00\x00\x00\x00\x00\x80\x0be)\x0b\x82|\xc9\xbf\xfdN\x95\xe6U#\xeb\xbf\x9f\xc6l*\xb1O\xb1\xbf\x11\xe5\x14zu\xa6\xe0\xbf\x13@\x10\xc48\x8e\xe8\xbf^\xba\x1a=u\xac\xd9\xbf=Q\xb2\x1b\xebN\xd7\xbf\xaa\xb0Wa\xe5\xc5\xe4\xbfo\xf9\x17|zP\xce\xbf\x86\xa3\x89,1a\xe2\xbf\x1f\x83\x84c\x1b\xfc\xaf\xbf\x00\x00\x00\x00\x00\x00\x00\x80\x00\x00\x00\x00\x00\x00\x00\x80\x17\x8d_(\xffr\xd2\xbf\xf6\x01U\xc6\xc74\xe2\xbf=\xf0Fn\x8e\x8c\xe1\xbf\x00\x00\x00\x00\x00\x00\x00\x80\x1b\xe80\xda\xa04\xe6\xbf\x82\xa6\xd34.\xf7\xe1\xbf\xf2\rX\xdcB#\xd2\xbff\xcf\n\xfb\x177\xcc\xbf&\xf3\xca\x18\n6\xda\xbfhe,\x903X\xdc\xbf\x01P\xbaaU=\xc6?\xd5J\x1a\xf2B)\xe2?\xac\x19L6~\xba\xd7?\x00\x00\x00\x00\x00\x00\x00\x00\xbb\xc6\xb9;\xee\xe4\xee?\x00\x00\x00\x00\x00\x00\xf0?\x00\x00\x00\x00\x00\x00\x00\x00\x00\x00\x00\x00\x00\x00\xf0?\x00\x00\x00\x00\x00\x00\x00\x00T\xa1\tb\xcd\xa3\xeb?{w\x1f\n\x1a\xda\xeb?\x00\x00\x00\x00\x00\x00\xf0?\x91u\r\xab\x15\x8a\xd6?\x00\x00\x00\x00\x00\x00\x00\x00\x00\x00\x00\x00\x00\x00\xf0?\xce\x81~\xa9 \x04\x8a?\x00\x00\x00\x00\x00\x00\xf0?\xbcw\xe2\x97P\xad\xea?\xae6@\x13\x00\x87\xcd?\xd0g\xdd\xae\x1a\xf7\xee?\x00\x00\x00\x00\x00\x00\x00\x00\xbe\xce\xde\xcc\x83D\xdd?\x00\x00\x00\x00\x00\x00\xf0?L\x01-\xaf\x14k\xe6?\x9d\x9f\xd7\xb9\xc2\xd8\xd3?\'&\xc9\x84\xb8d\x8d?\x0c\xa9\xf4\xd3\xd6!\xd7?\x99\xe7\xb6\x0f\xfcC\xd6?\x00\x00\x00\x00\x00\x00\xf0?<\xcf\xd3@\xf1J\xe7?\x00\x00\x00\x00\x00\x00\x00\x00aa\x94\x01\x989\xc7?2\xd5k\xb1\xc1\xa4\xe4?\x9d\\\xde\x8b\xc36\xe1?\x00\x00\x00\x00\x00\x00\x00\x00\xf5\x1d,\xd4\xcb\x13\xd2?\x00\x00\x00\x00\x00\x00\xf0?\x1c\xefa\x0b\xb0\x12\xde?\x18)\xd6-\x00\xbf\xd8?z\xa1V^\xc0\xed\xdb?\n\xbd\xdd\xd5!\x01\xbe?\x00\x00\x00\x00\x00\x00\xf0?\x00kJ\xcc\xcd}\xd5?\x00\x00\x00\x00\x00\x00\x00\x00/\x80\x8c\xeb\xae\xa9\xb8?Q\x0b4-\xe7\xa7\xe3?\x00\x00\x00\x00\x00\x00\x00\x00s"\xa4\xb4\xbc\x9c\xc1?\xc8[Y\xe5\x83\xfe\xe5?\xdeu\r\xd4\x1d\x13\xe6?\x1a\x18\xa6:\xe3\xf5\xa6?\xbe\xacU\x8d\xee\x82\xcc?\xf9\x17<\xb5\x05\xa3\xa8?\xd5r\xa5\x11Z\x14\xea?\x8a\x1e\x04<\x0fv\xee?D(\x1f\xf6\xe2\x1b\xe4?\n\xc8\x9f\xcf\x9d\x99\xb2?\xb3\x89\xecct\xf4\xea?\xf9\x94\x10\xb4\xbf\xf6\xb0?*8\xb0g\x93\x9b\xe1?a\x10\x1aH\xb0\xa9\xec?@E\xdd\xef\x84\xea\xa4?\x94UnXx%\xc8?\x81?\xaf\xb6\xf2\xa7\xea?\x99\x04\xa6\xbc\x8f\x7f\xd1?\xe3\x0f\xffe(\x8d\xe6?\x02mx\x1e\x1fS\xed?\x9a\xabB>\x89\x84\xd0?\xd4\x92\xb3FG\xfd\xa7?\xaf\x95$\xdc\xa5\xa7\xd1?\xd3\x84\x10sWJ\xd8?\xf55\xce\xe0\x1an\xd0?\xde\x08\\4J\x11\xae?Z,\xd1\xc7\xd9\xe7\xc4?7A\x86\x8fR\x99\xe2?x\x7fY\xda(7\xee?#M#F?\xe6\xc7?\x00\x00\x00\x00\x00\x00\x00\x00)Pj\xc5W\xa3\xe7?l\xd5\xd1\xab\x96\xa9\xda?\xe8\xde\x9c(\x0b,\xe9?\\\x19\x02\xc1\xf4k\xc7?\xe7zU\x0e\xa4\xaa\xd4?\x83\xcb\xc0\x17\x99d\x90?\xfe\xab{\x04U\xca\xa2?t[&\x16R\xf5\xe4?\xcf\x85\xc8\xb7\xe7p\xe5?x/V\xcbdw\xce??~["\xbc?\xd0?o.P^\xa7\x8c\xed?\xf3 KWy\xaa\xea?\xae5q\xc6\xb7p\xe9?\xeb\xd4\xe7s\xe8\x96\xdd?\x00\x00\x00\x00\x00\x00\x00\x00\x8c\xbb\xffL\x85\x8c\xd6?\x00\x00\x00\x00\x00\x00\xf0?\x00\x00\x00\x00\x00\x00\x00\x001\xdcp\x98\xa6\xc8\xd7?&\xc9"}\x01A\xac?-\x1e\xd7M\xbc~\xdd?\x04\xf5\x87Pv\xf0\xbb?:\xf2Yd/\x83\xca\xbf/%c\xa1\xb0\xf2\xc0\xbf\xf0An\xe7\xc2y\xc8\xbf\xd3:jn\xe2\xc3\xcc\xbf\x97\x1a[\x1d\x86\x1c\xe7\xbf#\x1a\xb9\xf8y\xf2\xe0\xbf%\x0evj4d\xdf\xbf\xde\x8b?\xe5\xaei\xd6\xbf\xa3\x85\x87\xe5\xf61\xe1\xbf\x00\x00\x00\x00\x00\x00\x00\x80\x8d\xc6e\x90\xda\xef\xd4\xbf\x87o%\rv\xc4\xde\xbf\x92\t\x8d\xeb5\xb1\xe5\xbf\xfd\xd2\xcd\xd2}R\xe0\xbf\xa6\xef\xaf\x80w\x03\xd3\xbf\x1d\x18\xb3t\xc5\xfd\xbc\xbf\xae\xd0O\x92qd\xdc\xbf\xb9@q\xe5Y\x10\xd1\xbf\xfe\xdcu\xf7,\x14\xd0\xbf\xa0\x02h\xc2~\xf1\xd3\xbf?\x08\xa8\xd6j\xf7\xcf\xbfN\xd7\x12)P\xe6\xbe\xbf\x00\x00\x00\x00\x00\x00\x00\x80~\x91\xa9\xdc5-\xdb\xbf{\xf9\x08\xcb\x97\x1c\x9c\xbf\xdd\xf037\xe2\xc6\xbe\xbf\x00\x00\x00\x00\x00\x00\x00\x80R\x9d0\xea\xc1\xb6\xad\xbf\xb2\x83A+\xc5\xd9\xb6\xbf\x1eb#\xeb\xb0\xaa\xdd\xbf\xb3\xe0\x05\xba\x97\x01\xd5\xbf>\xbb\rr\x8a\x07\xdf\xbf,*\xab\x19\xac\xa7\xdf\xbf\x86\x95\xa4\x04\x97\xdc\xb1\xbf\x00\x00\x00\x00\x00\x00\x00\x80\x9c\x85\xf8W\x95}\xcd\xbf\xc2\x9a_nS/\xe2\xbf\xd5\xd1Y\x15\xaa\xad\xdb\xbf=}\xfa\xddp\xb8\x8a\xbf\x00\x00\x00\x00\x00\x00\x00\x80\xd3\x05W\x18\x98\x93\xc3\xbf\x00\x00\x00\x00\x00\x00\xf0\xbf\x00\x00\x00\x00\x00\x00\x00\x80%\x1cp\xf3\xabz\xe8\xbf\x00\x00\x00\x00\x00\x00\xf0\xbf\x85\xbeL\xdfe\xc5\xea\xbf\xea\xf0\x88\x04\ns\xda\xbf\xc3\xe8pN\x9b[\xe6\xbfQ\xd7\xa2\x19\x87\x9f\xd2\xbf\xbe4\r\xf0\xb3\xcc\xe0\xbf\x82\xfc\r\xc71\xc7\x95\xbf\x00\x00\x00\x00\x00\x00\x00\x80\xe5\x82\x1a,\xad\x10\xb4\xbf\x87>!\xcf\x8bA\xe1\xbf\x9f\n\x0e&\x88\x87\xe2\xbf\x00\x00\x00\x00\x00\x00\xf0\xbf\x00\x00\x00\x00\x00\x00\x00\x80x\x9cX}\x86\xcb\xe5\xbf\xbax1_\xde\\\xe0\xbf\xacSG\xfcv\xc8\xca\xbfk\xfe\xa2\xdcW5\xcd\xbf\x8cv\xa3J\xfb\xc2\xd5\xbf\x11\xee}\x9c\x1ee\xe7\xbf\xb6\x08:\xcc\xda\xb0\xd3?\xce]5:\xea\xb5\xe5?\x83\xb7\x03L:f\xad?\xe3\xca\x10\x9f~\xe2\xa7?\x00\x00\x00\x00\x00\x00\x00\x00\x00\x00\x00\x00\x00\x00\x00\x00\x00\x00\x00\x00\x00\x00\x00\x00\x00\x00\x00\x00\x00\x00\x00\x00\x08/S!\xf7%\xed?\x90\x05\x02\xa9z?\xe8?\x1e\xfd\x87qt$\xd3?l\xeb\xbc\xf8\xfaC\xe1?f\xbf\x83\xf8o.\xb5?e\x9c\xf4\xde\xa7N\x9e?\xe0M@q5\t\xe5?\xe8_}\x07\xf0\x16\xb5?:t\xb6\xf0\xd3\xea\xe7?\xfeBZ\x87\x7f;\xc8?\x00\x00\x00\x00\x00\x00\x00\x00\xcbcO\x9d/h\xe9?\x10\xac\x91\x91F0\x94?\x00\x00\x00\x00\x00\x00\x00\x00\r\\\xc0\xea\xf9\xc0\xe7?M)r\xfez\x1e\xda?\xa7J\x16bc\xce\xdb?\x00\x00\x00\x00\x00\x00\x00\x00\'\xc0{\r\xf6\xe6\xe1?\x820\x1b\xcc<\x08\xde?\x00\x00\x00\x00\x00\x00\x00\x00\x00\x00\x00\x00\x00\x00\x00\x00\x00\x00\x00\x00\x00\x00\x00\x00\x00\x00\x00\x00\x00\x00\x00\x00MH\xb1\xdec\x18\xea?\x00\x00\x00\x00\x00\x00\xf0?\xceA;\x99\x13"\xad?\x00\x00\x00\x00\x00\x00\x00\x00\x00\x00\x00\x00\x00\x00\xf0?\x00\x00\x00\x00\x00\x00\xf0?\xe1\x1eJ\xca@_\xd1?\xb6]g\x9a,\x96\xd0?S\x9a\xc3\xcea$\xda?\x8aj\n\x93\xd6\x8d\xef?\x00\x00\x00\x00\x00\x00\x00\x00\x9c\x16\x10?\xb9\xba\xd6?,T\x11\x14\x17\x03\xc3?n~\xae\xea\xc6f\xee?\x00\x00\x00\x00\x00\x00\x00\x00\xba\xe3o\x0b*?\xbb?\x15}\x9a\xca\x84\xec\xe0?\x7f|\x18\xd3-4\xe1?[\x96\x92\xeb\xf7.\xa1?\x05\xf6\xe9\xb1)\xea\xc5?\xe8b\xbd\xe8Za\xa0?`.\x05\xa7\xc9\x15\xe4?\t\x82\xf6&\x8br\xe7?\x8dA\x9c\xe3I\x06\xdf?`\xdb\xcb\xf1\x0f\x1c\xab?\xb6\xdaY\x19\x93\xc1\xe4?D\rq\xb5\xd8\r\xaa?\xec\xb6\xe5L1\x99\xdb?S\xf4\x91\xb2j\x10\xe6?\xb1\x01\x9a7h\x92\x9e?\x8b\xb5)\xc9gg\xc2?\xd1\xac\x08\xe2M\x88\xe4?\xd9j\x1e\xeas\xef\xca?\x06\x7f7\x02~\\\xe1?\x85\xe1K6\xd2\x92\xe6?\xdf\xfd2\xd6pd\xc9?F\xceFF1\xd9\xa3?m\xb7wZc\xb5\xca?\x11\x1b\x8f\x82\\\xaa\xd2?X&\x92\x1d\xd0W\xc9?4\xd1\xba\x84\xaeV\xa7?\xa6j\xa9\x8a\xe2!\xc0?\xdb\xb7B&\xc0^\xdc?\xb82\xcc\rSh\xe3?sA+\xbd\x8f\x15\xc0?\x98\x95\xa6Wa7\xa3?w\x8f\xd5/\x88u\xe1?.J\xe7~V\x1d\xdc?l\x06\x0c\x07\x95;\xe4?\xe4v\x82B\x85\x03\xbb?Y\xe9/!\x985\xe5?c\xdb\xc7\xa9\x07\xa5\xdb?\x00\x00\x00\x00\x00\x00\x00\x00\'\xe5\x1c-\xa0\xff\xd0?\x00\x00\x00\x00\x00\x00\xf0?\x1a5\xf8x\xdd\xaf\xea?\x0fM\xc2<mW\xcb?Yh\x9f\xff\x01\x98\xe7?\x85Wk\xd6\x17\xb7\xe3?\xdacFl\xab<\xe1?\xf4\xc1\xecS:\xbb\x83?\'a\x07\xd0]\xd7\xbd?]K\xd2!\x90v\xd6?c\xf8\xbeX\xe8\x10\xec?\x00\x00\x00\x00\x00\x00\x00\x00Y\x10p|\x9b\x9f\xdf?\x00\x00\x00\x00\x00\x00\x00\x007\x119\xa4?\xf4\xd5?HZ\xcc\xa1T\xeb\x95?\xf1\x01\xe1\xd9\x18n\xca?\xabB\xc8\x94\x0b\x14\xc4?\x8a\x90Qx9\xca\xc8?g\xb0xi\x1cB\xd0?\xccH\xd1l\xe3{\xe5?\xb9(8\x0b\xf0\xf6\xe0?\xbf\xccz\x10jm\xde?\xc9\xfc\x04\x832k\xd6?\xfe0\x7f\xd3L \xe1?\x00\x00\x00\x00\x00\x00\x00\x00\xdd\xa0\xd7U\x07\xe6\xda?x\xa4\xdbSz\n\xdb?\x0f!\xba~,\x91\xe4?\xbf\x84\xe6\xd2\xcdE\xe0?~Jx\xef\xc9\x1a\xd2?\x84d\t\x02\xa9\xa9\xba?ho\x93\x92\x0b9\xdc?\xa0[\x8d\xefy\xd6\xd0?\xb5\x9a/f\x0e\x1a\xd0?6\xa6`,{\xa7\xce?&\x0e\xe3\x02?\xa4\xcf?\xa7!Ak\xaeC\xbb?\x00\x00\x00\x00\x00\x00\x00\x00\xbe\x81\x94\xca9 \xda?V\x0f\x16\x97\x13~\x8f?\x92\x1a_\xb4\xce\xfa\xbe?\x00\x00\x00\x00\x00\x00\x00\x00\x00\x00\x00\x00\x00\x00\x00\x00d\xf0\x18\xc8\xff\x85\xb4?\xb4\xeb\xec\xfd\xf0\x89\xdd?\xce\x9eB#@W\xd4?\xad\xd1\x93\x82n&\xdf?\xcdI\xe3\xb4\xaf0\xe1?\x02\x0edN\x8d|\xb2?\x00\x00\x00\x00\x00\x00\x00\x00\x82p\x827\x08\xe3\xcc?%c\x8c\x16p\xe9\xe1?\xa5\x82}o\x90\x12\xd6?\x16\xb4\xd6C\xce}\x8f?\x00\x00\x00\x00\x00\x00\x00\x00\xb2C&<=\xfb\xc7?\x00\x00\x00\x00\x00\x00\xf0\xbf>\xbd\x14\xf7\x1d&\xd3\xbf\xc0t\xf3t\xf8\xed\xe4\xbf*+\xb5\xf5m\xf2\xef\xbf \xbfe\xab\xf0\xc9\xe1\xbf7N\x88M\xc8E\xde\xbf\xbc\r\x937\xd8\xbe\xea\xbf=\x10\x14\xb0B\x10\xd4\xbf\x86\x82\xd7\xaa\xdc\xd6\xe7\xbf\xa5\x85J\x88\x1a\xe8\xb5\xbf\x00\x00\x00\x00\x00\x00\x00\x80\x00\x00\x00\x00\x00\x00\x00\x80\xa3m\xbe\x8bVG\xdb\xbf6t\xa3\x16\xd6`\xe7\xbf\x98\xb5Gg\xd2\xe8\xec\xbf\x00\x00\x00\x00\x00\x00\x00\x80\xaf\x07\xb8I\x96\x8d\xec\xbf\xac\x12dL\xf5\x8b\xe7\xbf~\xfbf\xc0-\xdb\xd5\xbf\xfc]\xb3\xd6)\xde\xcb\xbfNz\x1d\xd4so\xdf\xbf\xe9\xb0\xef\x13u\x02\xdc\xbf'
tbsS'shrinking'
p26
I01
sS'class_weight'
p27
NsS'_gamma'
p28
I10
sS'probA_'
p29
g14
(g15
(I0
tS'b'
tRp30
(I1
(I15
tg25
I00
S'"~SE\xe4\xe4\x10\xc0\xf3O\x86f\x99\xff\x11\xc0%\xc1\xde\xffx1\x11\xc0\xdc\x13\xe3\x86u6\x10\xc0\x9aD\x068E\x92\x11\xc0s\xc3\xf8\x86\x9d\'\x11\xc0\x97:\xe8\x01\xb2d\x10\xc03A\xe6\xf1|[\x11\xc0x\xbf\x0cg\xb7\xbc\x10\xc0\xc6E\xf6\xce\x80\xe3\x11\xc0\xe7U`\x9duR\x13\xc0c!\xd1u\xb60\x12\xc0\xd1\xf7.\xef\xd8\x84\x13\xc0p(9\xd2WX\x11\xc0|3\xbc\x9d\x99Q\x13\xc0'
tbsS'_sparse'
p31
I00
sS'class_weight_'
p32
g14
(g15
(I0
tS'b'
tRp33
(I1
(I6
tg25
I00
S'\x00\x00\x00\x00\x00\x00\xf0?\x00\x00\x00\x00\x00\x00\xf0?\x00\x00\x00\x00\x00\x00\xf0?\x00\x00\x00\x00\x00\x00\xf0?\x00\x00\x00\x00\x00\x00\xf0?\x00\x00\x00\x00\x00\x00\xf0?'
tbsS'random_state'
p34
NsS'tol'
p35
F1e-08
sS'coef0'
p36
F0
sS'nu'
p37
F0
sS'n_support_'
p38
g14
(g15
(I0
tS'b'
tRp39
(I1
(I6
tg18
I00
S'\x1e\x00\x00\x00\x11\x00\x00\x00\x1b\x00\x00\x00\x1b\x00\x00\x00)\x00\x00\x00\x16\x00\x00\x00'
tbsS'shape_fit_'
p40
(I400
I9
tp41
sS'C'
F1
sS'support_vectors_'
p42
g14
(g15
(I0
tS'b'
tRp43
(I1
(I164
I9
tg25
I00
S'N\xe5\x08\xfd\x00U\xda?\xa5-\xcc\x88\x913\x9c?\xb3\x04>}\x1e\x81\xcb?d\xacT\xb2\x95^\xc9?\x9a\\,\x9a\x80\xac\xdb?\x00\x00\x00\x00\x00\x00\x00\x00ra\xe5\x13;\x8f\xe5?\xa0\xc6k\xf5\xc0J\xe5?\x0eXr\xfa\x9c\xb4\x9d?\xa8\x1d\xf6\xadp\xda\xc1?c\xf20\xf2&z\xb1?\xc55\xa7\xa5\xea\t\xb3?\x0e\xaa\xd0f<}\xd6?$gF+\t"\xce?\x00\x00\x00\x00\x00\x00\xc0?\xa0\xb2\x7f\x9cyg\x95?\x8e~r[\x0b\x89\xe5?\nC\xd3\x91\xa9v\xbf?%I\x92$I\x92\xe0?\xf4&\x84f\x89\xf7\x83?\xf0\xee&\x16\xdfY\xc8?r\xdb\xe56\xd3\xaa\xde?NR\x112\xcf\xa3\xdd?\x00\x00\x00\x00\x00\x00\x00\x00Z\xb0wZ%W\xe2?\xa2\x04K\xb3\xee\x07\xe5?|\x96\xd5\xa6x\x0f\x8f?\x0eP\xe5\x08\xfd\x00\xdd?;\x076\xd9q\x8a\xa0?\xf7F\x05\xe9\x99e\xc9?`Q(\xab\xd8\xa2\xcb?j\x06qV\xd5w\xdd?\x00\x00\x00\x00\x00\x00\x00\x00\xcf\x96p6sq\xe7?\nF\x94?O\xff\xe4?\x1eW\x8bpy\x8f\x9e?\x06\xa8r\x84~\x80\xdc?\xe6\xe6\xcf\xe1\x04\\\xa3?:E\xb5\x12\xb4\xf7\xc4?\xaa+g\x16\xb7\xfa\xdb?neW\xaa\xa2\xa7\xdb?\x00\x00\x00\x00\x00\x00\x00\x00\xe7\xdf\xf4\xed\xfc\xcb\xe7?rc\xf2\xcb}\xc4\xe5?\xd8\x87\xca\xcc\x8d\xf1{?\x8d&\xf3\xae\xc5h\xe3?\xef\xaa\xaaW\xce\x96\xa3?\xca\x9f\'!\xd9\xa9\xd0?\xd4\xaf\xa3\'\xce\x99\xe0?\xaf\xc0A\xa3\xc1\xcc\xe1?\x00\x00\x00\x00\x00\x00\x00\x00\xe9\x85\x84\xc2\xf0/\x8c?\x1c\x04\xf64^\xc8\xe5?\x89\xc6\xb0\xf0\x03U\xab?\x14\xf9\xac\x1bL\x91\xd7?\xe1$\xe5\xef\xa6v\x9b?\xa1f\xef4n\x1c\xb7?\xa25|\xb1)\xe0\xd7?V\x986\x9a\xa0\xa6\xdb?\x00\x00\x00\x00\x00\x00\x00\x00WkG\xa721\xdf?\xaey\x17\x03"\x7f\xe5?\x1f\x8eD\xb3\xb3\xa1\xa8?\xc0j\xdc\x0b\xfc\xab\xd6?\xbd\x90D\xc2@*\x9d?\x8c\xccN\x0e\x97<\xc8?\xbc\x1fl\xe3\x99r\xdf?\x122\xa6\x8e\xeb\n\xdc?\x00\x00\x00\x00\x00\x00\x00\x00~p\xf7b\x99\x92\x98?t\xe1[1+\x87\xe7?\xb1\xf4\xb6\xea\x10\r\xaf?\n\xa7\x1d\xf6\xadp\xdc?\x18Sx\xb5\xc70\xb9?\xdb\x03%x\xa5\x19\xbb?hM\x13\xdds\xbc\xd6?\xab=\x19\xbdg\x83\xe1?\x00\x00\x00\x00\x00\x00\xd0?\x92\xb5Z\xe1\xc0e\x9a?\x14\x19\xde\xb8\xf3\xb2\xe3?(\xbf\xfdG\xd5\xde\xbf?\xbck1\x9a\xcc\xbb\xce?\x90\x0e\xfc\x18\xcb\xa4b?\x9e\xfd^/\x99\xf0\xc1?r\xec\x03\x88x\x98\xd2?6\x95?\x06\xf5g\xd3?\x00\x00\x00\x00\x00\x00\x00\x00\x1a\\\xaa\xe7<\x02\xec?\x08\x15\x9e\x8e2O\xe5?"S\xf5\x0b\xd6\xc1\x9c?\xe6\xb3n0E>\xdd?\xc9\xa8\xc6\xcf\x9e-\xce?\xcc\x9b\x9e\xf1\x86\xfc\xc6?L+\'\xb1y\xc9\xcf?\xea?\x04?\xeb(\xde?\x00\x00\x00\x00\x00\x00\xc0?\xe6\xb57p\xe4\xf2\x92?X\xc3]\x1b\x96-\xe6?\x81\xc2;]\x8b:\xc2?>\xeb\x06S\xe4\xb3\xde?\xa92s{\x8ag\xc4?\xaf\xb9vu\x11~\xcd?\xb5\xcfT&\xbeT\xe1?R\xdcQ\xf0\xf0\xbc\xdf?\x00\x00\x00\x00\x00\x00\xd0?\x14Z\xaa[\x9c\xd3\x92?\xc4u\x9a\x06\xe8$\xe5?\xb9,\xaa\x8b:\xc7\xc1?\x10\xa5s\xd9\x0cQ\xce?|\xd5\x80\xdd\xbd"\xb6?\xfbw\xddI\xa1\x88\xc4?\xf8U\x06a\xd6\xeb\xd1?v\xd9\xc5\x0ewQ\xd3?\x00\x00\x00\x00\x00\x00\x00\x00^\x06\xe4%j\xd6\xea?\xe6\x8cv\x9c\x03V\xe5?A\x1e\xf6_\xed\xaa\xa3?\x0b\xfc\xab\xc6\xbd\xc0\xe5?\xdc\x87\x89\xfa\xf0\xf6\xa0?S\x81\x0bYP\x1f\xc6?\x14MS\xd4\x9d\xd6\xd9?%\xe3\x80\xea\x07\x86\xe0?\x00\x00\x00\x00\x00\x00\x00\x00\xdbO\xc8\x8dX=\xe9?\x14/\xe0\xe9cG\xe6?\xce\xf3$\xca\xe7y\xb2?\xb0o\x85\xd3\x0e\xfb\xca?5S\xe8\xa5f\x01\xa2?l\xd5l)j\xba\xbf?\xa8$@+d\xf3\xd8?\xf6\xdd\x92,G\x1c\xd2?\x00\x00\x00\x00\x00\x00\x00\x00\x9c\x94f\\)\xed\xdd?\x80\xb8c\xcd\xe9\x1d\xe6?T\x0b\x8ck\xc0D\x8f?\xf8W\x8d{\x81\x7f\xcd?\xfd3\xbbM7\xc7\xb6?\xba\x06\xe1gk\xda\xc0?2%\x9d\xbb;\xb2\xd2?\x92\xf0\xe21\xc5a\xd2?\x00\x00\x00\x00\x00\x00\x00\x00\xc3\x10\xde\xbd\xaa\xa5\xe0?\x80\x14\xee\xf3\x89\x8e\xe5?a-\xed\x8dlz\xa7?y\x82\xd4c\x89\'\xe3?$\x9eAI\x8c\xef\x85?\xbf\xe2kB\xd5\xef\xd3?,\xb1z\x00\xe8y\xe2?1\xb9\x82+|\xa0\xe1?\x00\x00\x00\x00\x00\x00\x00\x00\x002\xe5v\xfa)\x98?lh\x0eP`]\xe3?\xe5\xff\x14\x8c\xb2c\xa9?\xbc\xc1\x14\xf9\xac\x1b\xcc?$\x08\xc7\xae\xc2\xdc\x87?JZ\xa1\xe2(\xd5\xb6?|\xe4@\xb95\x18\xd5?\xf4\xaa\x82F#\x04\xcf?\x00\x00\x00\x00\x00\x00\x00\x00p\x99\xd0\xfc\x90X\x91?0\xab\xb3M\x87x\xe8?\xb3J\x85e\xbe\xad\xa2?\xc6\xbd\xc0\xbfj\xdc\xdb?\xbc\xe2A\xd8\xfaw\xc0?\x97\x04\xab"\x0e\xa6\xc6?\x00eY\x03\xe6\xf4\xdd?\xf5\xfa\'m\x14\x1d\xe0?\x00\x00\x00\x00\x00\x00\x00\x00Y4\xee\xcau\x9f\x8f?N\x8a=\xd7\xf2U\xe5?\xda\xd2#\xf53\x15\xb4?\xb5\xc3\xbe\x15N;\xe6?1\x8c\xa3DZd\xb2?0>\x98\xd77i\xd0?\xb6.@\xfb\nW\xe0?\xbfBO\x93\x9d\xff\xe1?\x00\x00\x00\x00\x00\x00\x00\x00\xaf$\x86M\xa52\xe9?\x82\x1f\x92\x0b\n3\xe4?\x11,\x84\xa5~\x83\xa6?\x0b\xa7\x1d\xf6\xadp\xe1?^\x89\xedqa\xa7\xb6?>\x1d\x84\xf1+t\xc5?\x04\x93\x93F@\xcc\xcf?f\xf7\x89\xa7|7\xdc?\x00\x00\x00\x00\x00\x00\x00\x00\x89\x9dN\x0f\xab\xe8\xe4?2"\xf7\xce?E\xe5?N\xd4\x8f$\x81\x12\xb1?\xee\xb0o\x85\xd3\x0e\xdd?n>\xbd)\x7f)\x93?m\xb8\x9e\x02\x8bn\xc3?h7\xe4\x9bVf\xcf?Z\xc3\x0775\x90\xd8?\x00\x00\x00\x00\x00\x00\x00\x00\x8b\xe8\x80C\xa3\xd6\x88?\x0c\xe1\x03\xd8v\x8d\xe5?\x0e\xbcP;cC\x9f?\x95#\xf4\x03T9\xe5?\xd64!\x04<\xe4\xb0?\x87\xcc\xc5\xb1{,\xc4?\x08\xae\x0c\xbaU\r\xd4?\x19\x87\xe5\x82\xc7\x15\xe0?\x00\x00\x00\x00\x00\x00\xd0?\xf6]a \xee\x97\xd8?Z\x99\xcdE\xc4\xb8\xe4?\x9c\xc3":H\xbb\xb3?*\xf2Y7\x98"\xd3?\x10(q\xa8\x073\xb2?\xb1\x88w\x13\x9c\xe7\xbc?\xc8/\x93\xfa&m\xd1?~?\x81\xe4C\x12\xd3?\x00\x00\x00\x00\x00\x00\x00\x00>\x8e\x04\x1a\x12\x07\x91?\xb8\xe5\xe6\x84\x91\xa6\xdf?\xb4{q`nJ\xb2?0\x9a\xcc\xbb\x16\xa3\xc9?q\xf5)k\x99\x83\xbb?\xa6\x93/W\xef\x00\xb7?(\xe0x\xc7\x08\xf1\xd0?rRUg\x0c\xfd\xdc?\x00\x00\x00\x00\x00\x00\xc0?\xb5\xc4\xf2\xc6\xe8T\xa5?\\zt\xde({\xe5?\xce&e\xcd\x11\xc1\xc4?k1\x9a\xcc\xbb\x16\xe5?\xe4\x08b\x81\xc0I\xb0?q:\x89t\xd2\xb3\xc6?FB\xa4\xed\xe5\xe6\xda?\xdb\xe9\xb0O\x96\x15\xe1?\x00\x00\x00\x00\x00\x00\xc0?\xf7+\x05Gn\xe0\x8e?\x04\x04H\xc2\xd6s\xe3?\xb2\xd3 -dJ\xba?%I\x92$I\x92\xe4?\xf2\xc0\xc2 \x9f\x1d\x95?\x8a<s\xc7\xaa\xaa\xc4?\x9csss\x00\xeb\xd9?/\xea\x8b\x81\xd7\x12\xe0?\x00\x00\x00\x00\x00\x00\xd0?\x89\'=L\x03\xff\xe4?\xccG\xe7\xbb\xb9k\xe5?$\x0cD\xe1\xd2\xdc\xb6?\xb1o\x85\xd3\x0e\xfb\xe2?\xed\x85E\xb9\xae\xa3\x9a?h\xd2\xffE\xd9\xd6\xc1?l\xa6l\xf9\xff\xe5\xd2?.Zk\xc17x\xdb?\x00\x00\x00\x00\x00\x00\xd0?\x98Jm;\xb5\xd3b?\x08\xaa\x8c\r\x0f%\xe4?\xaaZJ]\x0cC\xb1?\x8a\'H=\x96x\xde?\xcf\xcfn\x17\x05\xf2w?\xf6;h\xeb\xa5\x18\xcb?\x0cV\xf2\xe1\x0b\xaa\xde?\xc2K\xeb\x03\n\x1a\xdf?\x00\x00\x00\x00\x00\x00\x00\x00;\x8c\xe0\xc6\n\xf2\xe4?\x12\xec.\'\xafB\xe5?Bom+\xa7\xdb\x9f?t\xd9\x0cQ:\x97\xd7?\xfdF7\xf9c\xa1\xaf?\x99\xf2sQ;\x19\xc7? F?\x7f\x8a\x15\xcb?~\x19\x08\xf3\x11\x8c\xd9?\x00\x00\x00\x00\x00\x00\x00\x00\xc9X\x83`\xe4x\xe2?Z\xa4l-.0\xe5?m\x9f\xa96\x9dg\xa2?\xb8\x16\xa3\xc9\xbck\xb1??]\xa2\x9a\xcf\x02\xbb?Y\xab\x80vP\x15\x9b?\xf4u\x07\x04\xbbZ\xd0?\x18\xcfCp3\xc3\xbd?\x00\x00\x00\x00\x00\x00\xd8?\n\x1d\x1d%\x19\xe6\x95?\x96\xa7\xe5\x17\x0bz\xe8?Z\xe1\xb91\x8d\x02\xcc?\x00\x01U\x8e\xd0\x0f\x90?\x00:\xe5\xbe!\x15\xa0?\n\xf0\x94d>\xf1O? \x9b\xea.\'\x01\xd6?\xc0\xa9/\xf1\xdcl\x81?\x00\x00\x00\x00\x00\x00\xe0?!a\xe0\x80g\xec\xe5?\xfa \xa5\xfc\xbdF\xea?\xf2\xc0\xa1\xd6U\xc9\xd2?\xa0\x1f\xa0\xca\x11\xfa\xc1?\xdcr\x06Y\xa6\xa1\xa3?v&[\xe5\xec\xc3\x9c?\xe8\x82\xef\\\x82u\xdc?8\xae(\xf5\xce\xc1\xbf?\x00\x00\x00\x00\x00\x00\xe0?\xea\xf1\xee<a\xad\xe0?\n\x01.\x8f\x98,\xe8?\x13\xbd-1C\x14\xd2?\xa8\xc7\x12O\x90z\xc4?\x06\xbb\x07n\x08\xa8\x89?J/\x1c\xc8-\xd2\x91?\xc8\t)\xd3\x19\xff\xd9?\xdc\xa3\xc2E\xf5\x1a\xc1?\x00\x00\x00\x00\x00\x00\xe0?\x00\xe8\xc2\x14B x?\x90\xf7p\x83$\xc9\xe4?\x88\xdc\x11\x98\xc7#\xd1?,\xf1\x04\xa9\xc7\x12\xc3?\xbfD\xeeF\x10\xfc|?\xbf\x8d\x9d\x8d\xdf\x85\x8b?&\x84d<\xa9*\xd9?\xa8\x01\xc1#\xdf\xde\xbe?\x00\x00\x00\x00\x00\x00\xe0?\x0c\x89\xa3\x92\x8f\xdcw?\xee\xc2\\\xe4\x15\x8e\xe5?i-\xc1dP\xe5\xd0?\xe0^\xe0_5\xee\xa5?\x13\xfc>\x13B\x98\x9f?\x8bC\xd4$[\xaav?*\xc5\xf7\xe2B\xfa\xd2?\x90@\xcd\x13\xdd\x86\xa2?\x00\x00\x00\x00\x00\x00\xe0?=}l\xff\xe6"\xe1?\xaeO\xb8x\x06(\xe5?/\xf3\x87\xffO\x10\xd2?\x80\x80*G\xe8\x07\xb8?s\xf0\x0e\xd8\xfb\x1d\x9a?w\xb2\xfa#\xc7\xc7\x89?\n}]\xeaF\x13\xd9?p\xd72\'\x1b\xd1\xae?\x00\x00\x00\x00\x00\x00\xe0?\x00\x00\x00\x00\x00\x00\xf0?\x12x\xbc1\x7fa\xe7?q\x8cjI\t\xd9\xd1?\xa0\xca\x11\xfa\x01\xaa\x9c?\xbdz\xe6_\xdd\x13\xc0?\x9f#wdz\xbc\x89?@\xf9\xd7d\xf5\x8f\xd5?\x9c*E\\\xb6R\xc7?\x00\x00\x00\x00\x00\x00\xd8?\xd0\xe6\x1d\'\x12J\x9c?\xd6\xbe<\x05\xd8\xa4\xe6?W|f\xe7\xd3\xbb\xd6?\xa0!J\xe7\xb2\x19\xa2?\xb6\xf1\x88\xca>\xd6\x90?\xf8\xd9\xcb\xbb\xeata?Z\xe8E\xf7\xf4H\xd6? \xa8yQ\x9cp\x96?\x00\x00\x00\x00\x00\x00\xe0?h\x05\xf7R\xe7B\xec?\x8e\xaa\xa6\x81\x89\xbf\xe9?\xfa\xden\x89\x88\x13\xd2?\xd0c\x89\'H=\xb6?\xdf\xa2\xc2\x9b\xf5^\xa0?\x0f\xb1\xbf\xd8\xde\x08\x85?\x083@\x83\xc90\xd2?\xb0\xdb\x01\xf6\x92q\xaf?\x00\x00\x00\x00\x00\x00\xd8?\xdf\xa7\xb6\x97\x8c\x1b\xe1?\xb4Y\xa2\xc5:i\xe7?J<Ko\x15\x9b\xd2?@\x96x\x82\xd4c\xb9?\x08!*\xfe\x01kH?\x9a\x99*\xdc\x18\x93o?\xd4\x0cO\xc5\xa3\x81\xd3?\x88f)\x0e]\x9e\xb2?\x00\x00\x00\x00\x00\x00\xe0?\xe5\x91+?\x8aY\xe0?\x9e\xfb\xbfW\xce\xb5\xe4?\xda\xdb\xe9b\x98!\xd2?\x00\x00\x00\x00\x00\x00\x00\x00\xb8>\x10\xd4\x17\xb0\xb6?>{\xc8\xa2\xb8\x8c\x89?.\x03vkw=\xd7?\x00$\xae\x85\xf6]L?\x00\x00\x00\x00\x00\x00\xe0?\xf4\xef\xe5\xb6\xeam\x93?\x00\x00\x00\x00\x00\x00\xf0?/v\xbd\xfc\x84\xf9\xd0?\x80\x87}+\x9cv\x88?6\x1a\x19*\x08c\xa8?#\x94mLy<X?$\x19\x8d\xc9R\xd4\xd6?@\xa7\xa6\x8a\x9c,\x87?\x00\x00\x00\x00\x00\x00\xe0?\xee\xa1Uf\xf0\xc4\x94?\xcc\x12.\x98\x92\xb9\xe4?\xbc]\x86\xc9r,\xcf?\x88\xd2\xb9l\x86(\xbd?E\x12\xb2\xfc}\x9c\xaf?K[\xd5\x852b\x91?$x\xc0\xa4\xee\xcd\xd5?|\x9c{\xe1*\xe4\xc3?\x00\x00\x00\x00\x00\x00\xe0?[\x11R\x04\x02y\xe1?.\xc0h\x80\xfbL\xe7?\x8e\x19\x96\x086\xe5\xd1?\xf8\x01\xaa\x1c\xa1\x1f\xc0?\x161#v\xb0}\xa6?\xe0\xa5\xda!&:\x80?\x8a\xe8\xf1="B\xd2?\x98+\xbeh\x1c\xb7\xb6?\x00\x00\x00\x00\x00\x00\xe0?\xcd\xd0\x88\xd0L\xbb\xe0?\xb4\xc3#$\xaa\x11\xea?{?&[\x8a\xc6\xd1?\xa8\x1d\xf6\xadp\xda\xc1?\x98\xf3\n\x8a\x1e\x0c\xa0?\x07\xaew\xact[\xa4?\xa4\xe43\xf7\xd0\n\xcc?\xd8\xcd\x87Q3\x94\xbd?\x00\x00\x00\x00\x00\x00\xd8?\\\x8b\x8c\xe8-\x18z?\x18\xabJ\xa5P\xa3\xe5?\xf7\xc0\xbc%{\x7f\xd2?\xd0\x0e\xfbV8\xed\xb8?\xa3\xaf\xb4D7\xa0v?\xcf\xd6\x13\xdaO]}?\xe6\xf1q\xc3R\xbf\xd7?\x08\xd5"\xc4D9\xb4?\x00\x00\x00\x00\x00\x00\xd8?\xa3%a2V\xe2\x81?\xb8/\xf6\xdb\x81\x8d\xe4?\xda\xb9%x"\xb0\xd0?r\xd9\x0cQ:\x97\xdd?o!e\xb0z\x87\xed?\xdc7\x07IG\xba\xe5?b\xe09\xfc\x92\x8d\xd6?\x89\\I*F3\xe2?\x00\x00\x00\x00\x00\x00\xd0?A\xed\x9b+\x90J\xeb?x5Z|\xda\xc5\xe5?\xf4_e/6O\xd6?\x9c!J\xe7\xb2\x19\xd6?%\xf1O\x05\x9b\x13\xee?\xce*\xf8\x94\x05\x95\xe5?\x04R$>\x98V\xd4?E[\xad4\xaa\x08\xe8?\x00\x00\x00\x00\x00\x00\xd0?\xef\t\x1aI\x92\xe9\xa3?\xe4[\xd9\xaf\xc6:\xe4?VU^;\xd0\xa5\xde?\x91z,\xf1\x04\xa9\xe7?\x9b\x88\x04_T\xf6\xea?\x94#\x93\x92\xc6\xcd\xe0?\xc6\xab^\x95)\t\xd9?\x91\xa5JU\x06D\xe7?\x00\x00\x00\x00\x00\x00\xd8?\xe9\x9c3$\x1bF\xe7?j>\xfb\x94\x16\xc7\xe5?\xde\xe0\x81\x9c\xf8\x8e\xd2?\t\xfd\x00U\x8e\xd0\xeb?\x8b\xa5B\x7f\xd4\xe0\xeb?\x01\xe0\x836\x0c\x7f\xe4?l:\x0b|h\xc2\xcd?\x13B\xdc\xcb\xf1\xa0\xea?\x00\x00\x00\x00\x00\x00\xd8?\x88\xd6b\x94e\x9d\xe0?xj\x1dI\x8e\xb0\xe8?R\xf1\x13\x0e}\xeb\xd2?i2\xefZ\x8c&\xe7?C\x82_!\x9b\x1c\xec?\x08\x8dEbL\xd9\xe2?\x90\xb2\xcb,\x16c\xdc?3$\x80_\xbf\x83\xe6?\x00\x00\x00\x00\x00\x00\xd0?\xb3\xb7\xfa:\xf4L\x80?\xd2\xfe\xa8\x8d\xe3\xf3\xe8?\xc4cV,\x1c<\xd3?\x1fK<A\xea\xb1\xe7?\xe1\xe7\xa5\x07\x8cY\xeb?\x87C\x10Jv\x05\xe2?\n\xa9K\xb9l\xed\xd8?\xf5\x08\x7fJ\x92\x85\xe7?\x00\x00\x00\x00\x00\x00\xd0?a\x9dj\x98\\a\xe8?\xd0\x7f\x04\x1b\x91\xad\xe5?\x1a\x96\x9c<y\xec\xd2?[\xe1\xb4\xc3\xbe\x15\xea?\x00\x00\x00\x00\x00\x00\xf0?\x16\xd0\x92y\xa9\xe5\xeb?\xf8\xdd\xe5R\x13\xfd\xcc?mz{\x9f\xfd\x08\xec?\x00\x00\x00\x00\x00\x00\xd0?6\x90JM q\xdc?\xee\xeb9\x8d\x1b\x83\xe7?%\xbc\x8c\x82\xe9u\xd7?\x97\xcd\x10\xa5s\xd9\xe2?\x95"\xd9\t\xae\x9c\xee?\x00\x00\x00\x00\x00\x00\xf0?\xe8W\xbd\xf3\xb4\x99\xd1?\x8fa\xea\x16-\xd6\xe2?\x00\x00\x00\x00\x00\x00\xd0?\x17T\xcb\xbe\x04\xcf\x84?\x8eZYHTe\xe6?\x1d\x1a\xe5\x7f-u\xd5?\xba\xc1\x14\xf9\xac\x1b\xdc?\xbb\xa6\x9fj\t\xe5\xec?..\xbb\xf5\xf7p\xef?\xd0X\xc5\xb6\xee\xc2\xd1?\xe9\xbc\xc40\xd6G\xe2?\x00\x00\x00\x00\x00\x00\xd0?tkZq\xf3\xbf\xe5?\x96\x86&\x84u\xe4\xe5?Q\xc0\x18\xd2\xc0\xef\xd6?\x85\xd3\x0e\xfbV8\xe0?.\xe9\x82\t+\x13\xec?\xa3BC\x9c>6\xe2?\xe4\xa0\xe2V\x87\xdc\xd2?k\xa6E\xa7}4\xe2?\x00\x00\x00\x00\x00\x00\xd0?79SK\xeb\x7f\x85?\xf6\xb0\x14\xc9\xbbq\xe5?8\xa1\xf3\xda\x04M\xd6?\x00\x00\x00\x00\x00\x00\xf0?\xd2(..\xceo\xeb?$\x04\x08\te\xe8\xe2?\x16]\x03\xb2\x01\x19\xca?\xad\x8fN,\xc1\xe5\xee?\x00\x00\x00\x00\x00\x00\xd0?\xbf\xee$\xa6\r\xe6\xda?\x82u\xc3+\xbf\xcb\xe8?\x18\xe4\xbd.)\xde\xd1?\xd5\xb8\x17\xf8W\x8d\xe0?\xf9\xef\xd9\xa2\xa6\xfa\xe9?\x850N$\t\xe3\xe2?PX\x02K\x94\x13\xd7?\x0f*,\xa5\x16#\xe5?\x00\x00\x00\x00\x00\x00\xd0?1`R\xbc\xbc\xa4\xe9?f\x94&\x07+Q\xe5?T\xeb\x8f\xbe\xb4\xe1\xd6?Z\xe2\tR\x8f%\xde?\xf3\x88\xb2\xd7\xcf\x0b\xeb?\xeb\xd0\x10\x99{\xd8\xde?\xba\xa8!$`\xbe\xd6?\xd5\xd2\x17|\xa3\xb3\xe2?\x00\x00\x00\x00\x00\x00\xd0?:\xb5\xe6ud\xa8\xe0?\x1a\x1a\x96\xb1\xb2\x01\xe6?\xdf\x13\x12\xcaC&\xd4?\xf0Y7\x98"\x9f\xa5?\x97\xf7\xe9\x17?\xd4\xeb?\x91.1\x06\xedr\xe6?\xa2\xd2\x9a\xc7\x10\xb3\xd4?\xff\xff\xff\xff\xff\xff\xef?\x00\x00\x00\x00\x00\x00\xe0?\xdd\x8f\xe8\xd8\x8c\xcc\xaf?:\x16\x81y\xc7m\xe5?\x82\xd6?\xa5\xaf\xc9\xea?V\x8e\xd0\x0fP\xe5\xda?7\xa0\x9a\xa73\x86\xec?\xbd\x9aYyRT\xe6?t\xf6d\x05\xb8K\xd4?\xa7\xc6\xfa\xbf%\xbd\xe1?\x00\x00\x00\x00\x00\x00\xd0??\xfd*s\xef\xa6\xe8?\xfcC\x90\xe2C\x9b\xe5?\xf9TfO\xe4\xe1\xd7?\xf6X\xe2\tR\x8f\xdb?K\t_8\xe7\xed\xec?\xc2\xe3m\x1b\xb5\x8e\xe8?\x84\xea\x80\x1f\xdfa\xd5?\x81\xb5\xad\xdf0Z\xe3?\x00\x00\x00\x00\x00\x00\xd0??S>\x0f@\x02\xde?>\xb9Su\xc7]\xe5?:\x00\xea\xec!F\xd6?\xb3n0E>\xeb\xe2?L\x04$q\xb8\xe6\xee?\xdb\xedE\xed\x04\xbc\xe9?t\xf5\x08\xc5\xe6\xae\xd9?\xa1u\xb7\x9a\xf5\x10\xe5?\x00\x00\x00\x00\x00\x00\xd0?\xff\xd6\x16N\xe2\x03\xef?\x16\xf0\xe2\x9a\xd2\x81\xe4? \xba\x93\x92\x00i\xd6?\xd5\xb8\x17\xf8W\x8d\xe9?\x89\x94F\x9a^\xb4\xee?\x0c\r\x1f q\xd1\xe6?\xe6\xd0\xa1)"\xf5\xd9?\x03\x87&2\xa6d\xe8?\x00\x00\x00\x00\x00\x00\xd0?*\xb4\'lAx\x97?"Ab\xd9\xfee\xe4?l\x08\xf3\x9dh\xe3\xd5?C?@\x95#\xf4\xeb?\n\x14\x81\x05\x97\xbc\xeb?\x99f\xb9`\x8dx\xe0?\xf6\x8f\x1a\x8a\x0cw\xd8?\x07\xcd\x95UJ\xb4\xea?\x00\x00\x00\x00\x00\x00\xd0?s\xc0\x93N\x8c-\xa1?x&2\x14G\xd6\xe6?\x08\x95\x9b\'CT\xd4?\x00\x00\x00\x00\x00\x00\x00\x00\xbfg\x0b\xcagG\xea?\xa14\x9b\x88p\\\xe2?\xe8\x12\xe0\xf9%\'\xd2?9kaU[\x9a\xea?\x00\x00\x00\x00\x00\x00\xd8?\xe3@\x87x4\xa6\xad?L\xbd\xc5\x9c\x1d\xf3\xe4?\x00\x00\x00\x00\x00\x00\xf0?v\xd8\xb7\xc2i\x87\xdd?\xc5e\x88\x853\xe3\xec?Sb\xe8\xdc\x03\xec\xef?J\xb0L\xd4\xfd>\xd6?+\xb8\xe8(Da\xe2?\x00\x00\x00\x00\x00\x00\xd0?\x91\x83>\xc1v\x03\xe6?`\xc4\xcb\xbd\xff\xbc\xe5?\xa7O\x13\x00\xde\x1a\xd7?\xdaa\xdf\n\xa7\x1d\xde?\xc5;\xd7\xee-\x8e\xed?\xf7\x13\xc9l\xf9w\xe1?\x18\xd8\xcfL$-\xd4?\xfb^\xf9h\x9b<\xe3?\x00\x00\x00\x00\x00\x00\xd0?OuQ\xba\xaf6\x84?V\xdb\xb5\x17\x01\x1e\xe5?1P\x88\xc5A\xaa\xd6?\xc6h2\xefZ\x8c\xde?\xe6\xf6\x18B\x19|\xec?\x82\xb4gYF\xeb\xde?\xe4\x7f\xc8\xc9\xe1\x9e\xd5?\xf3.O\xa8\xe6+\xe5?\x00\x00\x00\x00\x00\x00\xd0?\xdcfEG\xdb\xa9\xdf? \xa4\\]\xc1\x0b\xe6?\x9b\xfb\x96sf}\xd9?\nR\x8f%\x9e \xd9?8a-\x08O<\xed?\xb0\xb2\xe0]\xba{\xe5?\xcc\xbaG\xdeM\xbe\xd4?\xd5|\\>d\x1d\xe1?\x00\x00\x00\x00\x00\x00\xd0?\x90\xce \x98\xa6\xaaM?\x8c,\x0f\xe7\xc2z\xe6?\xc0\xfboa\xaf\xd5\xd7?\xa7\x1d\xf6\xadp\xda\xea?\xf5L3\xc2\x96\xe3\xec?\x89OM\xa1dX\xe2?\x94\xaf{\x19\x1a5\xdc?A\xe2Hd\xc4\xe8\xe9?\x00\x00\x00\x00\x00\x00\xd0?\xa8\x15\xff\x8dH\xe9\xd9?R\x0c\xf8_\x1e<\xe8?^\x82\xac\x99\xf9\xe5\xd1?C?@\x95#\xf4\xe3?0c\x00\xba<\xa8\xed?\x1e\xd7\x85\x92!\xed\xe2?t\xc0\x18\x9f\xc3\xea\xd5?!\xe7\xc9<M\xd5\xe7?\x00\x00\x00\x00\x00\x00\xd8?&\xa1o8\x9a\xd0\x90?\xa4\xeb\x8a\x9b\xd4\xf7\xe5?\x13\xbb"\xab\x9aw\xd9?\xc9g\xdd`\x8a|\xe2?L\xfax0\xd4\x8e\xea?\xd3\x16\xb4\x1dh!\xe2?\x12P\xe7\xbeh\xc5\xd2?\xedP\xcd]gr\xe3?\x00\x00\x00\x00\x00\x00\xd0?\xf7\xa2\xc32\x1a\x0f\x85?\x00e\xc2\x033_\xe5?\xc8\xf1H\xbd\x804\xd7?\xf4X\xe2\tR\x8f\xcd?y&Zo\xf3\xfe\xc8?+\x97\xe5a|\xe7\xd2?$\x91mj~\r\xd3?\x9fp\x93n\x16\xdb\xe9?\x00\x00\x00\x00\x00\x00\xc0?\xc4\x19\x15B\x05\x1a\xa7?\xae\x84\xe7\x92\tp\xe4?x\xbc\xd9\xf8\xa9\xc9\xdf?\xf8\xab\xc6\xbd\xc0\xbf\xba?\x8e&0\x88\xba\x9a\xc6?7\xfa\xdc\x11E\xb6\xc6?\xd0\xee\xc2fT\xde\xd3?\x1djz\xef\xdaI\xe0?\x00\x00\x00\x00\x00\x00\x00\x00\x89\x15\xd7\xe0|\x9a\xa3?T\xd6\xfe\x0fr\x97\xe3?\xe6\x81\xf7\x06^$\xd8?\xb8\x17\xf8W\x8d{\xd3?/\x1e\xd6\x04\xad\xa9\xcc?f\xb0\xd2\x11&\xf0\xcf?\xd6\xaaUw\x84j\xd2?\xd1\xd1 7\xad\xaf\xe1?\x00\x00\x00\x00\x00\x00\xe4?\xcdC\x04\xa0ah\xdf?f\xfb\xf1\xe5\xdd\xe2\xe5?\xe0\x9a\xb4\xec*\x0f\xd8?\xe8\xb2\x19\xa2t.\xc3?EK[\xf6\x1a\x8c\xc3?\x0f\xf7\x823\xc1\x1f\xcf?\x0e\xba\xda6\x12\xb1\xd5?\xfa\xd3\x8a/\xd6o\xde?\x00\x00\x00\x00\x00\x00\xd8?\xdb\xfeA\xb9\x1d\xed\xa0?*\x91\xb2~\x88\xe6\xe3?\\\xdd\x97\x89?\x9b\xd7?<A\xea\xb1\xc4\x13\xd2?\xe4\xf3\xbf[ t\xb0?\xf0\xde\xdc\xe6\x1a\xec\xd1?\xe2+\x1a\xf8)$\xd4?\xc7\x81X\xca\xabJ\xe1?\x00\x00\x00\x00\x00\x00\xf0?\xa3\x0e\x83)o\x98\xe0?\\\xb2\x0c\x1f\xf4\xa7\xe5?\xae\xa1\x1e\x0c?"\xdb?\x0c\xfc\xab\xc6\xbd\xc0\xd3?F\xbay\xeb\xd5\xe7\xb9?c\x82\xb8\xf0\xc5\xd7\xcc?DR\xd5\xd5#\xfa\xd3?\xbd\xc7\x15L\xb8\xe1\xe0?\x00\x00\x00\x00\x00\x00\xd8?\xb5\x07\xf4\x973\xa8\xe0?\xac\x8a+\xea\x14\x9b\xe5?\xddbl\xb8\x16\x07\xd9?\x80\xd5\xb8\x17\xf8W\xd7?j\xe8N"Sx\xd2?\xc0O\xf8\xe0l\xc2\xd1?\xc6\xfd\nR\x91E\xdb?\xa1\xfa\x8c\xc7\x0e\xe0\xea?\x00\x00\x00\x00\x00\x00\xe0?\xee\x05\xbf\x19\x8b\x0c\x98?\x02r+\x9d\xbcL\xe6?\x0cZ\xe3\x11y\xca\xde?,\x9cv\xd8\xb7\xc2\xc9?\x8f\xd3\xbd\x83aS\xad?q[\xec\xd2\xf6a\xd0?"\xd5 \xd03+\xd4?\x12or9\r\xc6\xdd?\x00\x00\x00\x00\x00\x00\xec?\x80R\xa7\xcd\xd4"\xdb?\xf0\xc7\xd53b\x1f\xe6?\x18|\xe0F\x9a\x99\xdc?z\x81\x7f\xd5\xb8\x17\xdc?\x99t\xa7V\xa3c\xa7?\xd3\xe3?\xa3\x07>\xcd?\x9a@\xd2\x16R\xd7\xdb?\x0fz\x89\xd5\xa9\xe3\xe3?\x00\x00\x00\x00\x00\x00\xd8?}\xa31\x97\x9eE\xdd?\xec>\x0cN\xe0\xba\xe5?ZO\xd8\xac9:\xd5?\x1e\xa1\x1f\xa0\xca\x11\xde?E\x8d_!\xf3|\xb8?\xf2\xd5\xee\xe9\xe2}\xd0?N\x9f\xb7\xa5\x15\xdd\xda?\xff\xd0\xde\xefc;\xe3?\x00\x00\x00\x00\x00\x00\xe4?\x1e\x8f\x95je\xe5\xe1?ji\x89vC\x95\xe5?\xb7\xa9T\x7f\xb4n\xd7?\xfe\xaaq/\xf0\xaf\xd2?G\x0bg\xcdS\x9d\xc0?\xcb\x9b\xc8K\x84f\xd1?\x96/\xeb[\x06\xb2\xd4?=>\x01\\\xca\xdf\xe0?\x00\x00\x00\x00\x00\x00\xe4?\x9b\xc4\xbb\xdd\xff=\xe2?\xda\x9e%\x04\x97\xd0\xe5?\xdf\x8f\xec\t\xd9\xed\xda?\x92z,\xf1\x04\xa9\xdb?\x9ej\x8d\xa3\x87\xf5\xba?\xd8nd\x06m\xf2\xcf?\x1e\xee>\x8e\xcb\xd4\xdb?7Q\x10\x96\xbe\xba\xe5?\x00\x00\x00\x00\x00\x00\xd8?_\x14\x05\xa9\x11\xb1\xe2?\xbc\xcd\x81\xac\x7f\x0f\xe6?\xcbi\x01A\t\xef\xd7?\x1c\xf6\xadp\xdaa\xcb?D\x1c\xafU%b\xc5?\x16\xf8\xae*1\x80\xce?$\xc1_\xbe\xffi\xd4?\xcaRTp\x92\x8a\xdc?\x00\x00\x00\x00\x00\x00\xd8?t\x13\xb3\x91P\xcf\x92?\x14\xba\xbc\xe5\xf5Z\xe4?\xf5\x12\xcdRUQ\xd3?d\x89\'H=\x96\xd0?\xac\xd5\xe9\x98;\xc3\x96?\xc9\xeb9\xa8\xac\x0f\xc9?\xceoN\xe1t!\xd5?\xb6\xb3C\xf3\xdf\xd6\xdf?\x00\x00\x00\x00\x00\x00\xe4?w\xb0\x13\x93k\x1b\x89?\x9e\x8dZ\xc5Zf\xe3?\x89l\xde5Bw\xd8?\xf8W\x8d{\x81\x7f\xd1?\xa3\xb1\xb6c+s\xc1?"\x81\x84\x971 \xd2?\x9cn\xe1\xf9\x0b[\xd7?\x878\xf3}\xd3\x82\xe6?\x00\x00\x00\x00\x00\x00\xf0?\xc2\xd8-\xaa\x95\x02\x9b?R\x88g\x07Ed\xe4?Z\xc9\x9b\xb0<\x92\xe0?Y7\x98"\x9fu\xe3?\x99\x0c)x\x8az\xb1?\x97l\x18it2\xd2?\xe6\xfem1\xcf:\xde?\x7f\xaf\xea#\xdeL\xeb?\x00\x00\x00\x00\x00\x00\xe8?\x9c,\x13\xdd\xfd\xc9\x93?\xb2\xde\xeb\xca\x1e\x8c\xe5?\x99\xc6\x8b\x08\xd3\xe6\xd9?\x12\xfa\x01\xaa\x1c\xa1\xdf?/\x85\xba-%|\xca?\x06\x94\xd9FEy\xd3?\xa4\x02\xc1\xf9_:\xdd?\xf1\xf52\xdc\xd1\xfd\xe6?\x00\x00\x00\x00\x00\x00\xec?\xf0zA\xe3\x99\x91\xdf?\xc0"\x9c\xfb\x8b\xbc\xe5?\x9e\xff\x97\xf7NY\xdd?p\x85\xd3\x0e\xfbV\xc8?\xd5^-\x9cOI\xa5?\x83\x9ec\xf3\x9fj\xd3?\x0c\x9a\x816\x92\x0e\xd5?\xb6\xe7\xaar\x19n\xdd?\x00\x00\x00\x00\x00\x00\xf0?;s\xcc\xfd\xcf\x90\x85?P\xce\xce\xc4\xb7/\xe5?\x11C\xe7\x030c\xdb?\xb0\x1a\xf7\x02\xff\xaa\xc1?7\xd3\xcf\xfc\xfcg\xa6?iD2\n\x90j\xd4?\xae\x1aq\xc5a\xc8\xd5?\xc2x\n(\xff\x07\xdf?\x00\x00\x00\x00\x00\x00\xe0?\xe4\x01\x0c\xe4}\x15\x95?\x12\x12\xe0A\xf9"\xe5?\xca\xf2\x8c\xc9F\xc0\xde?\xf4\xadp\xdaa\xdf\xca?\xa8\x93\xcb$\xc5w\xa3?s\xdb`\xfaFo\xd0?$\xb7\xfe\xe9\x92\xa7\xd4?\xfb\xd10D\x12Z\xe1?\x00\x00\x00\x00\x00\x00\xd0?\xdf\xd8\xc1\xef\xfa\xa9\x8c?\x1a=\x86+&)\xe3?\xd8\x97AThE\xde?\xb8\xc2i\x87}+\xd0?\xae2f\xb8\x00S\xb1?\x1c\x10\xaeT\xfa\x01\xd0?\x0cD\x92$\x9d$\xd3?Z\xb4\x1ah\xa6\x98\xdd?\x00\x00\x00\x00\x00\x00\xe4?\'\xa8\x8cH\xf7\xbc\xd6?Z\xdc\xa2\xae\x07\xf6\xe8?\xc6I\xad\x89&Z\xd7?\x97\xcd\x10\xa5s\xd9\xe1?\xccs\xdb\xc5O\xd3\xc1?\x12\xa1\x87\xc0d3\xd4?\x9a8\x99\xf0C\x8d\xc8?\xa5` m\x9b(\xed?\x00\x00\x00\x00\x00\x00\xc0?TG\xbfP\x85\xfa\x9b?X\xa2\xed%h\x9a\xe7?;\x86c\x06\xb9u\xd6?t\xd9\x0cQ:\x97\xc5?1\xbe\xb1{\xcb,\xaf?\'\x8b}/\xe7\xee\xd2?\x10\x7fW\x89\xd0\xae\xd3?a0Vp\x05\t\xe0?\x00\x00\x00\x00\x00\x00\xe8?n\xb8\xd8}!%\x9f?\xb8\x87\xa6\xf6%\x8a\xe3?\xdeT\xba\xd7J\xc7\xdb?\xe0\xb4\xc3\xbe\x15N\xc3?U\xc6D\xa9\x8c<r?\x16\x83\x9e\x91n\x8b\xcb?\xb8\xe7\xfa\xb7\xb7\x0c\xd6?\xa3\x80\xbfz\xbf\t\xe3?\x00\x00\x00\x00\x00\x00\xc0?\xac\x9d\x8e\xe7\xe7\xd9\x9a?\xea\xde\xb1\xbf\xb6i\xe2?\x8c\x00\xca\xa6p\xea\xd8?\x12O\x90z,\xf1\xd8?\x18!\xe4\x01\xe7\x1c\xb0?nH\xfb7/\x9f\xd8?\x96\xc2\x95\xccWR\xdc?\xed\xdfz\xba\xda\x01\xe5?\x00\x00\x00\x00\x00\x00\xec?\x106\xc9e\x1cp\xa1?\x9c\xd1\xf6\x83\xa2\xf3\xe6?\xcf\x0c{\x9cL_\xdb?\xc8\x12O\x90z,\xd7?^\t^K\xe4\xc1\x98?\xc6H\x0e{\xc9\xf0\xcf?\xcc\x88\xccl\r\x1c\xd4?k\x8dJM\xb6#\xe7?\x00\x00\x00\x00\x00\x00\xf0?\x96\xb4@X\xd3\x92\x9f?\xecZ\x8c5\xa8\xfd\xe4?<\x94\n\x8er\xc1\xe0?*G\xe8\x07\xa8r\xdc?\x15t)\x92\x15\xfa\xc1?\xd2\x12\x8c\xc1s\xe0\xd2?\xfeB\x14\x88\xc3\x7f\xd0?\xad\xee\xe3\xe9\x07\x9a\xe6?\x00\x00\x00\x00\x00\x00\xe8?\x13\xd2^D9)\x8d?&\xe9\x9b\x88\x95e\xe4?\x10]9\xe1E\x8d\xdc? \xf5X\xe2\tR\xbf?\xb9\xd4\xd7N\x02\xb1\x9b?\x7f\x9c(\x90M\x87\xde?P\xf7\xaed/c\xa4?\xban\x1fs\x7f\xaa\xd0?\x00\x00\x00\x00\x00\x00\x00\x00\x8fKDw\x13\xac\xdc?,\xb4\xb30\xb3g\xe7?\x08\xbf \x82\x85o\xb0?\xf8X\xe2\tR\x8f\xb5?\t#/\x1b\xbf\xa5\x9b?rQ\x84\x0b\xaf\r\xda?g\xab\xd84-\x99\xe9?\x14\x9c\xab\xe8w\xf0\xc8?\x00\x00\x00\x00\x00\x00\x00\x00\xc8f\xa1\x15\xe1\x18r?\xf2\xbdE\x04O\xaa\xe6?\xee\x90te\xf5e\x90?\x84~\x80*G\xe8\xd1?\t0At\xef\x91\x9f?r\x8dX\xd9$\x10\xe7?\x855\xd6\x13\'\\\xef?\xe6\xb7\xd0\xe8\xf34\xd9?\x00\x00\x00\x00\x00\x00\x00\x00\xa45\x14vp\xd3\xe0?\xfe\xe3\xd7Y\x1d\xeb\xe6?\x07[I\xee\xf84\xa9?\xd4c\x89\'H=\xc6?\'\x85\x13\xff\x1a\xdd\x97?_\x7f]\x11V\xb8\xd7?\xc4\xd8P\xf7p\x88\xb3?\xa4\xb5\xeeJ\xe14\xcc?\x00\x00\x00\x00\x00\x00\xc0?K\xa6zp\x93\xc1\x80?\x9e\x98\x19\xada\xc4\xe8?\xc9\xf4\x88\xb7\x07H\xa3?6C\x94\xcee3\xd4?&\xfb\xae\xeb8\xac\xc5?[\x05C\x8e~\xa7\xe1?[\x14zc\xd4\xaa\xe8?\x91\xb6\xa8\xef?\xb1\xe9?\x00\x00\x00\x00\x00\x00\xe0?\x98?$d\xd3*\x9b?\xf2}E\xcas~\xe1?\xf6)GZ\xd95\xc5?\x95\xcee3D\xe9\xe1?d\xcd\xa2?\xed\x87\xbd?\x17i\xdf\xfcyN\xed?K`]S\x04\xa7\xeb?\t%\x8b\xb8/\x80\xe4?\x00\x00\x00\x00\x00\x00\xd0?\xcc\x1a\x8c\x18\x13\x11\xd5?T\x8cK]\xa7\xb0\xe4?\x1am\xe7\xaf\x0fA\xc4?"\xf5X\xe2\tR\xdf?\xd2\x030\x1a(\xcb\xbf?~|\xc6\xa2\xbc\xef\xd0?T\xbeQ\xc2\xd4X\xe1?\xefb\xca\x87\x14\xb7\xe2?\x00\x00\x00\x00\x00\x00\x00\x00\xcb\xf9\xcaN\x08w\xa4?\xda\xf8O\xd8+3\xe3?r\x82\xca\xad\xd4p\xc4?\xb8\x17\xf8W\x8d{\xc9?#\x86\x86\xfe\x86\xa5\xaf?{\x81\xe9\xab\x02O\xe5?_z\xbf\x85\x8f\xb1\xef?j>h\xd5Q\xaa\xd4?\x00\x00\x00\x00\x00\x00\x00\x00X\x11zf\xc67\x93?l\xa0\x99\xec\xd0\xa7\xe5?\xfdm\xc5?G\x9f\xa6?\x82\x7f\xd5\xb8\x17\xf8\xdb?\xa3\xef\x15\xe5\xffa\xb9?{p\xd4\x953j\xed?\x00\x00\x00\x00\x00\x00\xf0?\x1fF\x14<o\x8d\xe1?\x00\x00\x00\x00\x00\x00\x00\x00\xe16\x0e\x1d\xdd\xca\xa3?\xec\xf0\xb8\x0b\x9dY\xe1?l\x96,O2v\xba?,\xf1\x04\xa9\xc7\x12\xc7?8\xd6\xd4\xc7Q"\xa3?{\x02\xd4qF\x1b\xe6?\xe0|e\xf4\xd4\x84\x94?\x82\xd9\td\x05\x8a\xd7?\x00\x00\x00\x00\x00\x00\x00\x00\xdf@\x86\xcb\xfd1\xa1?J\xba|O=y\xe2?\xfe\xbc\xe4\x11\xf1\x03\xbf?\x1d\xa1\x1f\xa0\xca\x11\xe4?\'\xb2\x0b\xe8\x10\xd6\xc3?+n\xd7krm\xd1?\x9b2&~\x0b\xad\xe2?sI\x00\\\xc9\xf6\xe0?\x00\x00\x00\x00\x00\x00\xc0?\x83\x81\x14/Y\x9d\xa8?\xa2/x\\\x15\xe4\xe6?p\xeb\x95\x0c\x8a\x0b\xc2?l\xdc\x0b\xfc\xab\xc6\xc9?fZT3ha\xc3?G\x017k>\x10\xd5?t\xa5\xa6\t\x13\x81\xe5?Rs\xc4<2h\xd7?\x00\x00\x00\x00\x00\x00\xd0?l\xbc\xdd6\xe0@\x96?\xd0\xf5\xf7 \x9cN\xe4?6\xa5\xb3\xb4(#\xb7?\x19\xa2t.\x9b!\xeb?\xe7X\xff\xb6+\x82\xb9?\x8a\x04\xd8\xd5\xeb\x07\xcf?\x181\xa0uvN\xcc?\xcb&\x19\x0e4\xde\xe5?\x00\x00\x00\x00\x00\x00\x00\x00\x848>\xd2a\x18\xd8?\xbe\xa9\x10\xc7\xad\x10\xe7?F\x9d\x17\xa4yV\xbb?\xf0\x04\xa9\xc7\x12O\xc0?a\x8f\xa7\xb7\xfb\xeb\xac?NA\x1c\xaf\xb3t\xe1?H6+\x1e\xa1$\xa7?Fa%2\xd8\x19\xd2?\x00\x00\x00\x00\x00\x00\x00\x00\x95x%\\D\x03\xe7?\n\xf1\x062\x85\xde\xe6?9m\x82\xbf\xdb\xf1\xa2?\xa0u\x83)\xf2Y\xd3?\xd8\x1f\x8e\xfa\t@\x8e?\xad_\x16\xdax\xbb\xcf?\xc6\x06\xb6\xd3\x06\xaf\xe2?\xf2(\xa6\xdc\x15Z\xd4?\x00\x00\x00\x00\x00\x00\x00\x00&\xf7ihP$p?\x80\x92bH\xcaQ\xe9?\xc6UJ\x86\x05\xfb\x9b?\x00\x00\x00\x00\x00\x00\xb0?\xa7\x87<\x90<\xc6\xb2?\xb2\xea\xb1A\x82+\xdd?}\xd8\x00\xed\xd3\x9b\xeb?$\xc4\xb5\x93\xf5$\xcb?\x00\x00\x00\x00\x00\x00\x00\x00\xec\x07\xdde\x9e\x11e?\x9e\x1d\x92v\xf0A\xe8?\x1a\x9fN\xad\xfe\xd2\xb0?\xcc\x10\xa5s\xd9\x0c\xc5?\xd5\xfb\xb9\xf2\xea\xb9\x91?\xa5\xadF|\x16\xc7\xe4?\x11=\xb6<\x82\xde\xee?\x16S]\xf2I\xb7\xd2?\x00\x00\x00\x00\x00\x00\x00\x00$\xcd\xafK\x1e5\xe7?\xfe\xb4hfI\xbb\xe6?v\x04j$\xba\'\x99?\x16\xa3\xc9\xbck1\xd2?Yc\xe7\xadL\xd3\xb7?\x06 x\xb1\xcf\xfc\xce?y\xb2\xaeD5\x8b\xe8?B\x9c\x9e\xf9K9\xda?\x00\x00\x00\x00\x00\x00\x00\x00iFyi\x18\xb1\xd8?\xe4\xcc\xb4!nP\xe6?^pz\xe0^R\xb4?\xc8g\xdd`\x8a|\xb6?\xefY1y6)\xb1?\xea\xa1b\xd3\x90\x14\xde?\xdb\xf9\xda,\xa7\t\xeb?DL\x97\x01\x9b\xe8\xce?\x00\x00\x00\x00\x00\x00\x00\x008\xa7\xd2\xd2\x94\xcf\xdf?$\xac\xa9\xe6\x8f\xc6\xe6?\xa6\x9f\xd0\xa2\xb2Y\x92?.\xf0\xaf\x1a\xf7\x02\xd9?\xaa\xf7\xea\x18\x1f^\xa0?.\x0e\xc3z>\xdd\xd3?D7]b7\x9e\xc3?\xc6b\xc1\x9bq\x98\xdb?\x00\x00\x00\x00\x00\x00\x00\x00t\x0eY\xd0\x9bg\xa1?j\xf2\xdb\xb8O\x98\xe5?\x9f\x91\xeee\x88\r\xaf?\x82)\xf2Y7\x98\xd8?\xe3\xb93\x9a!\x08\xa6?-\x0b\xf7\xdd\xe8D\xe2?\x08\x86\xd6\xdd\xe9\xb6\xae?R\xcb\x14g\xfb\x16\xdd?\x00\x00\x00\x00\x00\x00\x00\x00\xc3[\xeeU\xdc\x01\xde?H$\xa4\xd5k\xf7\xe4?\xadq\xb5M\xde\xb0\xaa?t.\x9b!J\xe7\xd6?\xb6T\x9e?H\xfa\x8d?\xce:\xfe\xcbx\x88\xcf?\xed\xb7\xfd\xfe\x87\xd0\xe1?V\x87\xd8\xfff9\xd9?\x00\x00\x00\x00\x00\x00\x00\x00A\x80\xcb\xa8\x0c\xdf\xe4?:f\x87\xc7C\x95\xe6?\xfaEX\x99\xc0\xf6\x90?J\x92$I\x92$\xd7?\xbb3\x8b7\x02\x99\x9f?\xae\x08*\xad\x9b\x00\xd1?@t\x1d\xbc\xe4C\xe2?\xe2\xeaWd\x9eq\xd6?\x00\x00\x00\x00\x00\x00\x00\x00\xae;\xbf9\xcc\x05\xe8?Ff2\xd7b\x95\xe6?.|\x8d\xd4[\x08\x94?\x16N;\xec[\xe1\xdc?\x13\xe4\xe8\xf7\x89J\xb0?\x93\x00\xdf\x89$\x12\xd5?\x10\x11\x9c\xee\x9c\xe2\xbf?\x9a\xa8\xc8\xfc-\x11\xda?\x00\x00\x00\x00\x00\x00\xc0?\x84\x11\xa6>\xbf\x9f\xde?\x8au"X\x1c\x07\xe5?[\xf0\x84\xd8\x91{\xaa?(H=\x96x\x82\xcc?\xf2\tT\xd3\xdeP\xb6?\xb2\xa7\xff\x19@\xf8\xd5?\x1f\xe3{\xee\x0bJ\xe4?\xa2\x97JT\x02\x8c\xd1?\x00\x00\x00\x00\x00\x00\x00\x00\x8c0\xed\xcd\xe4\xc9y?\xc6M\xd8\x02@\x15\xe2?\xad\xfb\xe8T\x16\x05\xa7?@@\x95#\xf4\x03\xd0?\xc0@l\xf4u6\xa4?\xec\x16\x17#\xce\xe7\xe6?\xc9\xb1\xa9{.W\xee?fK\xc9\xb69\x1b\xdb?\x00\x00\x00\x00\x00\x00\x00\x00\xee\x86\xa8)\xe4}\xd0?\xbcN\x1a\xf15\xb5\xe7?\x1f\xf1\x0e\x17\xa3\xc3\xa8?\xe8\xb2\x19\xa2t.\xd3?\x01\x92\xe3V\x08c\xa9?\x8by\xd8P\x02\xc3\xd1?\x1e\xb5\x19\xfaH \xe4?\x92\xf0\xb1z\x08\xd8\xd5?\x00\x00\x00\x00\x00\x00\x00\x00X\xb1\xcf\xe6k\xe9q?B\xc2V\xb1\xe5\xed\xe3?e\xba(q\xe4\x11\xa2?\xc8\x12O\x90z,\xc9?;\x11\xf3\xfc\xcd\xcf\xc2?z.~ @\x0b\xd5?Tsl\xc4\x07<\xc0?\xd2\xc9x\xfda\x98\xd3?\x00\x00\x00\x00\x00\x00\x00\x00R\xf5j\xc7Z\x90\x95?\x9a]DZ\xa5\x98\xe7?\xb4%\x82\xf7p\xb6\xb4?j\xdc\x0b\xfc\xab\xc6\xd7?\x11\xb4\xbf\xea\x92R\xc3?\xd8"\x9b\xaf\xe0\xf2\xe1?M\xa3\xd4,>\xd7\xe7?J\x990\x7f\xda\xf5\xdb?\x00\x00\x00\x00\x00\x00\xc0?:\xee\x8e\xf6\xf4\xda\xe0?\xc4\x84\x9c\x9a\xa6\xf7\xe4?\x0cu\xaa\x03\xdc\xcf\xb9?\x80*G\xe8\x07\xa8\xce?\x06\xa3;\xf1*d\x80?yf\xe04&\xb6\xeb?\x00\x00\x00\x00\x00\x00\x00\x00&\x05\x168\x9b\xf4\xd7?\x00\x00\x00\x00\x00\x00\x00\x00L\x8f\xa3\x04A\x12k?\x84x\x91]>\xc1\xe5?\xa3&\xe8\x8eU\xc6\xa6?M\xe6]\x8b\xd1d\xe0?\x053\xfb\xc5\x8c\x87\xb8?\xaa6)NO\x16\xe3?\xcd\x19\x12\xa3\x16\xb9\xe6?3\xbb\r\xe7\xa8Q\xe0?\x00\x00\x00\x00\x00\x00\xc0?\x0b\xa7\x8c$N6\xda?\xac\x18\xfay\x8c\x10\xe6?L\xbe\x9c5\x83\xff\xb4?J<A\xea\xb1\xc4\xd9?\x1d\x81\xd0\xf6\x9c\xf6\xa9?\xdd\xcd)\x17\x18\x0f\xd2?\x84\xe9\xc1\xdb \xfc\xe2?J\xda\x90#\x80\xc5\xd8?\x00\x00\x00\x00\x00\x00\x00\x00\x85\xc7\xb6\xd3v\r\xe9?\x9a\xc7W5\x89\x8e\xe5?\x16Kw\xaf^\x1b\x9e?\xe6\xb3n0E>\xdf?-\xe0\xbe(\xeaOz?\xf5Vmy8\x89\xde?\xbc\xd18x\x83^\xb5?\nx\xa7\xaf \xed\xdb?\x00\x00\x00\x00\x00\x00\xd0?n\xa6P\xb7Q\n\xa3?t3T\xd2\x0b\xbc\xe3?\xd6\xeb\x03\xb9\x8a\xc7\xb4?T9B?@\x95\xc7?\xe2\xb8\x98}z\xdc\xbf?|j\xf4\x19I\xe8\xd7?\x91K\x1f\xf7\x01*\xe7?\xf2~\xac\xd8y\xec\xd3?\x00\x00\x00\x00\x00\x00\x00\x00\xc9hl\xa1\xc0,\xe3?0\x1d\xa7\x16\n\xda\xe7?\n\xe2\xb4\xcb\x0bt\xb3?"\xf5X\xe2\tR\xdb?r\x0b\xd2AgA\x9b?\xc7P\xa5\xbe+%\xda?h\xb9\x8dL~k\xbb?:v\x9b\x96\xc2r\xdb?\x00\x00\x00\x00\x00\x00\xc0?I\x95\x8c$\xe9\xab\xe0?\x80Q00\xb7\xbb\xe6?!@L\xaf\xb4>\xae?0\x9a\xcc\xbb\x16\xa3\xb9?A\x19\t\xd9\xe2(\xca?\xba\x88\xd4\x9a\x04*\xde?\xdf+\x99\xae\xca<\xe8?|\x07\xabv\x0b\xa7\xcb?\x00\x00\x00\x00\x00\x00\x00\x00\x85\xca*@\x16\xd7\x8d?\xbefD\xa3\xf6\xef\xe5?\x14 \xea\xd8=O\xc3?\xe2\tR\x8f%\x9e\xd0?M\x9a\xb2\x7f\xf7V\xce?\xea\xe7\x9f\x82D\xcd\xec?\x90\xaa\xe57R\xaf\xa1?\x1dG\x9an[H\xe3?\x00\x00\x00\x00\x00\x00\xc0?\xd4\xd95\xc9\xeae\x9b?\n"lT\xab\xc6\xe2?w%n\xe9\\8\xc8?\xf8\xac\x1bL\x91\xcf\xba?|j\x93\xa5x\x89\xcd?\xbe0heW\x81\xdc?\xd0\x9c\xda\xb1\xb3"\xb8?\xac\xce\xe6P\xc5\xe7\xce?\x00\x00\x00\x00\x00\x00\x00\x009\xe0cX\xfc"\x88?J\xb3\xee\xd92\xfa\xe6?n7"(\xee\n\xc4?x\xd7b4\x99w\xbd?\xbb\xb3\xba\xe3\xfd\xbf\x98?\xcd]\xb3\xb7\xc6d\xd9?H\xcc\x15A\xb4\x17\xb1?\xd6\xb0\x9aY\x1d\x8c\xd0?\x00\x00\x00\x00\x00\x00\x00\x00\xb9\xca\x88`&\xf9\x8a?j@`\xe2\x02\xb8\xe4?\x16\xb6\xe6L\xedJ\x96?\xa6\xc8g\xdd`\x8a\xd6?\xaamr\x12W\xe9\xa0?\x86\xc0\xe3S\x98\x81\xd0?\xe3w\xba\xfc\xcfm\xe1?r\x9dH\t\xe9"\xd9?\x00\x00\x00\x00\x00\x00\x00\x00;\n\x13\xc9X\x80\xe5?\x96\xfd\x8c\xae-L\xe6?\xa6\xe4\x02b\x84\xdb\x94?\x00T9B?@\x95?\xbf+\xdf\x00\xa3;\xae?V\x95\xb4\xe1/\xf0\xe0?X@%\xbf\xd7l\xa4?\x942N3\x81\xf1\xce?\x00\x00\x00\x00\x00\x00\x00\x00\xe0\xe4\xbc\xf8\xf4/\xa5?\x1e\xa9\xc34\xbco\xe7?\x00\xd0d0\x89m\xb4?\x19\xa2t.\x9b!\xe4?\xfa\x00\xbe\xf0\x87@\xd3?R<\x91\xce\rL\xc5?I6:\xed\xffe\xe1?Q\xfeW\xe2\xfc\xbe\xe3?\x00\x00\x00\x00\x00\x00\xe0?\xba[\xb2\xa7\xab\xd8\xdc?DN:P]]\xe4?\xa3\xa1\x147\x83h\xd5?\xefZ\x8c&\xf3\xae\xe1?5\x92`JF\x0f\xc2?\xf9\xd7\x9b\xb4r\xdd\xc2?d\xab\xdf\x80(\x05\xc8?\xb2N\xec\xc4l\xfc\xda?\x00\x00\x00\x00\x00\x00\xd8?j\x89\x0bz\x15g\x9a?.\x05\xd1\x99n5\xdc?\xea\x84\xcd\x16q\x8d\xce?8\x98"\x9fu\x83\xc9?+;\xdcs\x8dX\xc1?\xf4V\xd5\xe9\xa6\x0b\x8d?\x14\xfe\x91\xe3[\xaf\xd6?\xe2\xbe\x1edn\x95\xd0?\x00\x00\x00\x00\x00\x00\xe0?\x9b,E/;\xd6\xa2?\xd4I\x86:M\x08\xe7?\xafr\xedQ6"\xd5?\x94\xcee3D\xe9\xd6?\xaf\xfdM\xa1^y\xb0?\xffJ_\xf6>\xf5x?\xc0\xd4\xef\x8a\xea\x1b\xd6?\x14\xa48\x04S\xac\xcf?\x00\x00\x00\x00\x00\x00\xe0?\x83=uM\x13\xbb\xe1?8\xbckF$\x14\xe6?\xc5\xdd\xdc\x16E2\xd1?\xacp\xdaa\xdf\n\xcf?\xe6\xbaY\xab\xf4L\xc6?\xd4\xbc\xafR|r\x8b?\xca\xc4\xeb\x9b,\xe7\xd2?\xe2Fw$\xa58\xd2?\x00\x00\x00\x00\x00\x00\xd8?$\x9e]\x1b\x7f\x80\x9d?\xd2\xf1\xb1\xfd\xcfV\xe7?c\xa3\xd0\xce\xdb\xbc\xd5?\xd1\x0fP\xe5\x08\xfd\xe0?\x9a*1\xa6\xe3\x88\xbb?\xe0\xf6\x97\x9d\xaf\xd9\xb1?\xfc\xdb\x17n\x16\xf7\xcd?\xce\x853@?\xaa\xd7?\x00\x00\x00\x00\x00\x00\xe0?H{\x10\x93\x14\x91\xe4?\xf4\x98\xf1\xcf~\xfa\xce?\xe5\x08\x1c\xbbZm\xd3? \xf4\x03T9B\xbf?\x19l\x94\xee\xb7a\xb6?\x0b|]\xa5\xb1c\xa2?\n\xfe\x12?\x98e\xd9?v\x94dX\x84\x9d\xdd?\x00\x00\x00\x00\x00\x00\xe0?\x7fA\xda\xe9\x00\xaf\xad?t\x8fv\x82\\|\xc0?\x8a\xa6\xe5&<\xb4\xda?.F\x93y\xd7b\xd4?\xc4\x8f)1\xdbl\x91?\xa7\x14\xf48;\xca\x7f?\x92\xd7\xfcyM\x1e\xd3?rt\x03Z\xfb\xbf\xd0?\x00\x00\x00\x00\x00\x00\xd8?\xbe\x8b\x08\x96\x96\xb4\xd7?\x98\xc5\x13\x8a\xf5\xa9\xdc?A\x12owd \xd3?h\xdd`\x8a|\xd6\xcd?\x9a\xf4u\xc3a\xe9\x91?q\x80\xc2\x05j\x08Q?\xc0~\x99i\xbc\x02\xd5?\x84\xb9Tw\x86\x1d\xc6?\x00\x00\x00\x00\x00\x00\xe0?\xee\xb99\xdf\xa4\xa5\x9e?X\xf58v\x8a\xc0\xc5?`\xfe$T\r\xe4\xd2?\x16\xf9\xac\x1bL\x91\xdb?o\xaeG\x90\xacR\xbd?;\x0e\x90\xc4\xaa1\xa2?\x84ey\xa4\x99\x8e\xce?Z\xee\xd4\xd9\x88\x00\xd4?\x00\x00\x00\x00\x00\x00\xd8?z\x88\xb7t\x0e\xba\xda?L\xff\x0fk\xe6l\xc7?\xf1\x8au5\xbe*\xd0?\xf9W\x8d{\x81\x7f\xe0?\xd6\xdd$#\xbe~\xc0?\x8dQ8\xed\xe2\xce\xc0?D\x08;\xed\xf4\xc1\xe0?\xbe!:Z\x86o\xdd?\x00\x00\x00\x00\x00\x00\xd8?\x9b\x17=\x86\xaf\x9f\xa8?\x12w\x0e3\x9f\x82\xdb?N?zn\xe2D\xd4?.F\x93y\xd7b\xd0?U\xef\x15A\xd75\xa3?6\x95!l\xa2\xaf\x98?\x8a2\xaeA^\xd6\xd8?.\xf4I\xc1\xaf\x97\xd4?\x00\x00\x00\x00\x00\x00\xe0?(\xd34\xb4:\x14\x97?v\x9e\xf8=,3\xd7?\x1b4\xdaT\xcfd\xd5?\x87(\x9d\xcbf\x88\xe4?\xd0F\x93I\xe9v\xb1?\x00\xc6F:\xae\xdb\xc1?qk\t\xfa\x95\xc8\xe0?\x82\xea>\x9a\xbe\xce\xdb?\x00\x00\x00\x00\x00\x00\xe0?\x94p=&\xa7\xfd\xd9?\x98)\x1e\x19_\x7f\xdd?T\x0f\xd1\x89\x9a>\xcf?\xe0_5\xee\x05\xfe\xd5?8r\x85\xe3\x1e\x1c\xb1?\xb2\xccP\xa7F(d?6\x0fi\xfeg\xbc\xd3?\xc4\xfaevC\x82\xcc?\x00\x00\x00\x00\x00\x00\xe0?\xab\xdb\x18(\xcdB\xdb?\x00\x00\x00\x00\x00\x00\x00\x00\x0b\xe0\xd8\xb3K\xa8\xd0?\xa2\xc9\xbck1\x9a\xd8?\xdc\x98\xec%\r\xa8\xb9?1S\xdb\xe9>\'\xbd?\x86h;\xd7sO\xd9?\xd7\xc3\x17\xe0\x1a\xe7\xe3?\x00\x00\x00\x00\x00\x00\xd0?"\xcc\xc9\x8b\xa0!\x9d?\x1c\x8e\xba8\xbdJ\xdf?\xd6\xfb\xa8.T\xbc\xd4?\xbe\xc0\xbfj\xdc\x0b\xdc?\xf44F\x0e\xb3$\xb9?\xcd\xa7\xa6\x1dz\x16\x9e?\xd22\x82o\xe5\x84\xda?\x86\x00t\xc4\x91o\xd4?\x00\x00\x00\x00\x00\x00\xd8?8s\xa1\xa8hN\xe2?X\x01]\x85:\xd6\xc8?\xa0k\xf1\x80\x81\x05\xd3?b4\x99w-F\xd7?\xb7\xb4$\xa0\x11\xb1\xae?\xec+\xfb\xf6+R\x88?|\xc2\xfd\xa8\xcd\xd4\xd2?\xb2\x05\x89i2E\xd0?\x00\x00\x00\x00\x00\x00\xe0?\xb4^\x0e\x84(\xe5\xe9?X$\xe6\x99\xf3\xe2\xb6?\x14\x82c\x126\xa6\xd1?\xab\x1c\xa1\x1f\xa0\xca\xe4?\xf5\xb1\xa7\xf6}I\xb7?\xa5\xe4\x80\xdc\xf9\x87\xc3?\x06B\x03%\xd1<\xe1?*\x9e\xab\x81\xc7=\xdc?\x00\x00\x00\x00\x00\x00\xe0?\x0e\xfd\xf5\xfe\x8dR\x94?p\xcf\x99K\xbb`\xd5?\xc4\xbb\xce>\xd8\xeb\xce?\xbb\x16\xa3\xc9\xbck\xe1?\xd1\xda\xf22\xffV\xb0?i\xaf \xc3\x90\xe5\xb3?\x18\x17\xd9\xca\xd2\x84\xdf?\x0e\x8aqD\xf0\xa1\xd7?\x00\x00\x00\x00\x00\x00\xe0?\xb1\xde\xcaf\x1e\x94\xe1?\xc6\x95\xce\x95\xa7\x87\xd2?\xd6\xc4\xa6\xa8>:\xd1?\n\xfd\x00U\x8e\xd0\xd9?%pU&\xb5\x02\xbb?=\xe8b\xafW\xa7\xac?\xf8C\x98\x7f=*\xcf?Rnd\xdf\xd84\xda?\x00\x00\x00\x00\x00\x00\xd0?tc\x98\x8f\x8c\x16\xa1?b\r\xb8\xd0\x98\xbc\xd0?\xb8E*\xb1\xcd\xed\xd1?\x95#\xf4\x03T9\xe0?\x0f\x0f\xd8\x1a\xc7\x17\xbe?\xd2\xd7\x91\x94\xd5\x97\xb3?\xc4\xa7|6\xa7\x15\xda?Q\xc6V|\xbd7\xe3?\x00\x00\x00\x00\x00\x00\xd8?\x95Vo\x8c70\xa7?\xb0\xbc\xd5\xac3.\xc4?l\xcfw\xc5\xb7\x06\xd7?\xd9\x0cQ:\x97\xcd\xe1?\xce\xfcZ\xb6\xb7\xc7\xbc?\xe1|\xc0B\xc6\r\xc2?z5\x03;\xf0*\xc8?\x8e\xd7\xd6\xcd\xb2\x95\xda?\x00\x00\x00\x00\x00\x00\xe0?\xd2v\x12\xd1\xbc\xbb\x9f?|^\x00\xa8\x11\xd0\xdd?\xa1EDJ`\xc7\xd0?'
tbsS'degree'
p44
I3
sS'epsilon'
p45
F0
sS'max_iter'
p46
I100000
sS'fit_status_'
p47
I0
sS'_intercept_'
p48
g14
(g15
(I0
tS'b'
tRp49
(I1
(I15
tg25
I00
S'\xeb\x87Fp\xbea\xd0?\xd1\x1c\xc0\xcea\xd1\xc1\xbf=\x0e\x85\xd5\x8d\xef\xc2\xbf\xb1@O\xa6\x87\xec\xdd\xbf)\x93m\xe9\x01E\xc2\xbf:Q\xff\x99\x14Y\xd8\xbf$\x8e\xbaZ\x9e\xac\xd8\xbf\xa5&\x9a\xb5\x1cr\xe3\xbf\xb4Z\xfa\x13\x04k\xd8\xbf\x1a\x8f\xce\xb7\x1e\x9dx?wt\x00\x1a\x15\xe3\xd1\xbf\xd2\x1d\xff\xfe#\xe3\x8e?)\xe5\x95\x16oX\xd3\xbf\xbe\xe3\xd6\xf3\x14\\\x83?\xe1\xbd\x07xV\x82\xd3?'
tbsS'intercept_'
p50
g14
(g15
(I0
tS'b'
tRp51
(I1
(I15
tg25
I00
S'\xeb\x87Fp\xbea\xd0?\xd1\x1c\xc0\xcea\xd1\xc1\xbf=\x0e\x85\xd5\x8d\xef\xc2\xbf\xb1@O\xa6\x87\xec\xdd\xbf)\x93m\xe9\x01E\xc2\xbf:Q\xff\x99\x14Y\xd8\xbf$\x8e\xbaZ\x9e\xac\xd8\xbf\xa5&\x9a\xb5\x1cr\xe3\xbf\xb4Z\xfa\x13\x04k\xd8\xbf\x1a\x8f\xce\xb7\x1e\x9dx?wt\x00\x1a\x15\xe3\xd1\xbf\xd2\x1d\xff\xfe#\xe3\x8e?)\xe5\x95\x16oX\xd3\xbf\xbe\xe3\xd6\xf3\x14\\\x83?\xe1\xbd\x07xV\x82\xd3?'
tbsS'probB_'
p52
g14
(g15
(I0
tS'b'
tRp53
(I1
(I15
tg25
I00
S'\x18\t\x0f\x18\x8f0\xb9\xbf\x87\xdf#8\x84(\xcf?D\xdc^\xcf\xd8\x04\xc1?\xb8\x18\x8bM\xa3?\xd3?\x0eG\xd2\\<\xfd\xd4?\x1f\xf6\xbe\x8fd\xe3\xc1?\xbcV\xf6\x04G\\\x84?\xa1w*x3\x12\xc7?\x953?H\x08\xc6\xde?\xb2\xdb\xdex88\xaf\xbf\x14\x94\xee\x00q\xfb\xc0\xbf\xa6\xf23\xa5\x92\xae\xbe?\xf1\x87\xcd\xb9A\xf6\xc0\xbf\xa5\xe6\xb0\x90MB\xde?\x8a\x1bL\xeb\x87K\xbe?'
tbsS'cache_size'
p54
I200
sS'gamma'
p55
I10
sbag2
(csklearn.preprocessing.data
MinMaxScaler
p56
g4
NtRp57
(dp58
S'feature_range'
p59
(I0
I1
tp60
sS'scale_'
p61
g14
(g15
(I0
tS'b'
tRp62
(I1
(I9
tg25
I00
S'\x12\xfa\x01\xaa\x1c\xa1\x1f?\xcb\x81\x93\x05\xaf\x94\xb4?+\xe0\xac4\xc9\x84r?\xb4c\xd9\x15\xa3\t\xe4?-;\xcdq;:m?\x00\x00\x00\x00\x00\x00\xc0?!\xc7*jgm\xbf?%\xd5\n\xcc\x18\x93\xf3?\r3\xb2\xce=\xe8\xf3?'
tbsS'data_range'
p63
g14
(g15
(I0
tS'b'
tRp64
(I1
(I9
tg25
I00
S"\x00\x00\x00\x00\x000\xc0@\xe95\xb1\xd7\xa7\xe0(@\x89\r\x8b\x0b\xd2\xa5k@\xb4\x86\xd7\xa9I\x8d\xf9?\x00\x00\xe0_\x8c\x84q@\x00\x00\x00\x00\x00\x00 @@b\xd22\xa2J @\x8c\xe70\x82\x06(\xea?\xce\xd4\xd9\x19'\xb8\xe9?"
tbsS'data_min'
p65
g14
(g15
(I0
tS'b'
tRp66
(I1
(I9
tg25
I00
S'\x00\x00\x00\x00\x00\x02\xb4@\xb1\xf9\x19\xa0\x96\x9c\xab?\xbf*\xa1\xbf\xbb\xcf\xd0?\xd7\xfal\xce\xd3\xf8\xdd?\x00\x00\x00\xf7\xb3\xecp@\x00\x00\x00\x00\x00\x00\x10@\xb0\xd8 %\xa2\xd7\xb1?\xfd\x83\x97\xac\x13\x08\xdd?\xae\xdc\xc2\x804\x0c\xa7?'
tbsS'min_'
p67
g14
(g15
(I0
tS'b'
tRp68
(I1
(I9
tg25
I00
S'k\xdc\x0b\xfc\xab\xc6\xe3\xbf\x9b.\xdca)\xc2q\xbf\xeb\x9f\x81m8uS\xbf\xa6\xf6\x83\x1c\x8b\xc4\xd2\xbf+\xcdG\x1d\x9f\xea\xee\xbf\x00\x00\x00\x00\x00\x00\xe0\xbfuT\x8a=\xe5\x85\x81\xbf(\xe1\x06H?\xc2\xe1\xbf\xc1oxZ\x08\xad\xac\xbf'
tbsS'copy'
p69
I01
sba.